This is pdfTeX, Version 3.14159265-2.6-1.40.16 (TeX Live 2015/Debian) (preloaded format=pdflatex 2018.10.17)  9 APR 2019 13:29
entering extended mode
 restricted \write18 enabled.
 %&-line parsing enabled.
**conference_041818V1.tex
(./conference_041818V1.tex
LaTeX2e <2016/02/01>
Babel <3.9q> and hyphenation patterns for 3 language(s) loaded.
(/usr/share/texlive/texmf-dist/tex/latex/IEEEtran/IEEEtran.cls
Document Class: IEEEtran 2015/08/26 V1.8b by Michael Shell
-- See the "IEEEtran_HOWTO" manual for usage information.
-- http://www.michaelshell.org/tex/ieeetran/
\@IEEEtrantmpdimenA=\dimen102
\@IEEEtrantmpdimenB=\dimen103
\@IEEEtrantmpdimenC=\dimen104
\@IEEEtrantmpcountA=\count79
\@IEEEtrantmpcountB=\count80
\@IEEEtrantmpcountC=\count81
\@IEEEtrantmptoksA=\toks14
LaTeX Font Info:    Try loading font information for OT1+ptm on input line 503.

(/usr/share/texlive/texmf-dist/tex/latex/psnfss/ot1ptm.fd
File: ot1ptm.fd 2001/06/04 font definitions for OT1/ptm.
)
-- Using 8.5in x 11in (letter) paper.
-- Using PDF output.
\@IEEEnormalsizeunitybaselineskip=\dimen105
-- This is a 10 point document.
\CLASSINFOnormalsizebaselineskip=\dimen106
\CLASSINFOnormalsizeunitybaselineskip=\dimen107
\IEEEnormaljot=\dimen108
LaTeX Font Info:    Font shape `OT1/ptm/bx/n' in size <5> not available
(Font)              Font shape `OT1/ptm/b/n' tried instead on input line 1090.
LaTeX Font Info:    Font shape `OT1/ptm/bx/it' in size <5> not available
(Font)              Font shape `OT1/ptm/b/it' tried instead on input line 1090.

LaTeX Font Info:    Font shape `OT1/ptm/bx/n' in size <7> not available
(Font)              Font shape `OT1/ptm/b/n' tried instead on input line 1090.
LaTeX Font Info:    Font shape `OT1/ptm/bx/it' in size <7> not available
(Font)              Font shape `OT1/ptm/b/it' tried instead on input line 1090.

LaTeX Font Info:    Font shape `OT1/ptm/bx/n' in size <8> not available
(Font)              Font shape `OT1/ptm/b/n' tried instead on input line 1090.
LaTeX Font Info:    Font shape `OT1/ptm/bx/it' in size <8> not available
(Font)              Font shape `OT1/ptm/b/it' tried instead on input line 1090.

LaTeX Font Info:    Font shape `OT1/ptm/bx/n' in size <9> not available
(Font)              Font shape `OT1/ptm/b/n' tried instead on input line 1090.
LaTeX Font Info:    Font shape `OT1/ptm/bx/it' in size <9> not available
(Font)              Font shape `OT1/ptm/b/it' tried instead on input line 1090.

LaTeX Font Info:    Font shape `OT1/ptm/bx/n' in size <10> not available
(Font)              Font shape `OT1/ptm/b/n' tried instead on input line 1090.
LaTeX Font Info:    Font shape `OT1/ptm/bx/it' in size <10> not available
(Font)              Font shape `OT1/ptm/b/it' tried instead on input line 1090.

LaTeX Font Info:    Font shape `OT1/ptm/bx/n' in size <11> not available
(Font)              Font shape `OT1/ptm/b/n' tried instead on input line 1090.
LaTeX Font Info:    Font shape `OT1/ptm/bx/it' in size <11> not available
(Font)              Font shape `OT1/ptm/b/it' tried instead on input line 1090.

LaTeX Font Info:    Font shape `OT1/ptm/bx/n' in size <12> not available
(Font)              Font shape `OT1/ptm/b/n' tried instead on input line 1090.
LaTeX Font Info:    Font shape `OT1/ptm/bx/it' in size <12> not available
(Font)              Font shape `OT1/ptm/b/it' tried instead on input line 1090.

LaTeX Font Info:    Font shape `OT1/ptm/bx/n' in size <17> not available
(Font)              Font shape `OT1/ptm/b/n' tried instead on input line 1090.
LaTeX Font Info:    Font shape `OT1/ptm/bx/it' in size <17> not available
(Font)              Font shape `OT1/ptm/b/it' tried instead on input line 1090.

LaTeX Font Info:    Font shape `OT1/ptm/bx/n' in size <20> not available
(Font)              Font shape `OT1/ptm/b/n' tried instead on input line 1090.
LaTeX Font Info:    Font shape `OT1/ptm/bx/it' in size <20> not available
(Font)              Font shape `OT1/ptm/b/it' tried instead on input line 1090.

LaTeX Font Info:    Font shape `OT1/ptm/bx/n' in size <24> not available
(Font)              Font shape `OT1/ptm/b/n' tried instead on input line 1090.
LaTeX Font Info:    Font shape `OT1/ptm/bx/it' in size <24> not available
(Font)              Font shape `OT1/ptm/b/it' tried instead on input line 1090.

\IEEEquantizedlength=\dimen109
\IEEEquantizedlengthdiff=\dimen110
\IEEEquantizedtextheightdiff=\dimen111
\IEEEilabelindentA=\dimen112
\IEEEilabelindentB=\dimen113
\IEEEilabelindent=\dimen114
\IEEEelabelindent=\dimen115
\IEEEdlabelindent=\dimen116
\IEEElabelindent=\dimen117
\IEEEiednormlabelsep=\dimen118
\IEEEiedmathlabelsep=\dimen119
\IEEEiedtopsep=\skip41
\c@section=\count82
\c@subsection=\count83
\c@subsubsection=\count84
\c@paragraph=\count85
\c@IEEEsubequation=\count86
\abovecaptionskip=\skip42
\belowcaptionskip=\skip43
\c@figure=\count87
\c@table=\count88
\@IEEEeqnnumcols=\count89
\@IEEEeqncolcnt=\count90
\@IEEEsubeqnnumrollback=\count91
\@IEEEquantizeheightA=\dimen120
\@IEEEquantizeheightB=\dimen121
\@IEEEquantizeheightC=\dimen122
\@IEEEquantizeprevdepth=\dimen123
\@IEEEquantizemultiple=\count92
\@IEEEquantizeboxA=\box26
\@IEEEtmpitemindent=\dimen124
\IEEEPARstartletwidth=\dimen125
\c@IEEEbiography=\count93
\@IEEEtranrubishbin=\box27
)
** ATTENTION: Overriding command lockouts (line 2).
(/usr/share/texlive/texmf-dist/tex/latex/cite/cite.sty
LaTeX Info: Redefining \cite on input line 302.
LaTeX Info: Redefining \nocite on input line 332.
Package: cite 2015/02/27  v 5.5
)
(/usr/share/texlive/texmf-dist/tex/latex/amsmath/amsmath.sty
Package: amsmath 2016/03/03 v2.15a AMS math features
\@mathmargin=\skip44

For additional information on amsmath, use the `?' option.
(/usr/share/texlive/texmf-dist/tex/latex/amsmath/amstext.sty
Package: amstext 2000/06/29 v2.01 AMS text

(/usr/share/texlive/texmf-dist/tex/latex/amsmath/amsgen.sty
File: amsgen.sty 1999/11/30 v2.0 generic functions
\@emptytoks=\toks15
\ex@=\dimen126
))
(/usr/share/texlive/texmf-dist/tex/latex/amsmath/amsbsy.sty
Package: amsbsy 1999/11/29 v1.2d Bold Symbols
\pmbraise@=\dimen127
)
(/usr/share/texlive/texmf-dist/tex/latex/amsmath/amsopn.sty
Package: amsopn 1999/12/14 v2.01 operator names
)
\inf@bad=\count94
LaTeX Info: Redefining \frac on input line 199.
\uproot@=\count95
\leftroot@=\count96
LaTeX Info: Redefining \overline on input line 297.
\classnum@=\count97
\DOTSCASE@=\count98
LaTeX Info: Redefining \ldots on input line 394.
LaTeX Info: Redefining \dots on input line 397.
LaTeX Info: Redefining \cdots on input line 518.
\Mathstrutbox@=\box28
\strutbox@=\box29
\big@size=\dimen128
LaTeX Font Info:    Redeclaring font encoding OML on input line 630.
LaTeX Font Info:    Redeclaring font encoding OMS on input line 631.
\macc@depth=\count99
\c@MaxMatrixCols=\count100
\dotsspace@=\muskip10
\c@parentequation=\count101
\dspbrk@lvl=\count102
\tag@help=\toks16
\row@=\count103
\column@=\count104
\maxfields@=\count105
\andhelp@=\toks17
\eqnshift@=\dimen129
\alignsep@=\dimen130
\tagshift@=\dimen131
\tagwidth@=\dimen132
\totwidth@=\dimen133
\lineht@=\dimen134
\@envbody=\toks18
\multlinegap=\skip45
\multlinetaggap=\skip46
\mathdisplay@stack=\toks19
LaTeX Info: Redefining \[ on input line 2735.
LaTeX Info: Redefining \] on input line 2736.
)
(/usr/share/texlive/texmf-dist/tex/latex/amscls/amsthm.sty
Package: amsthm 2015/03/04 v2.20.2
\thm@style=\toks20
\thm@bodyfont=\toks21
\thm@headfont=\toks22
\thm@notefont=\toks23
\thm@headpunct=\toks24
\thm@preskip=\skip47
\thm@postskip=\skip48
\thm@headsep=\skip49
\dth@everypar=\toks25
)
(/usr/share/texlive/texmf-dist/tex/latex/amsfonts/amssymb.sty
Package: amssymb 2013/01/14 v3.01 AMS font symbols

(/usr/share/texlive/texmf-dist/tex/latex/amsfonts/amsfonts.sty
Package: amsfonts 2013/01/14 v3.01 Basic AMSFonts support
\symAMSa=\mathgroup4
\symAMSb=\mathgroup5
LaTeX Font Info:    Overwriting math alphabet `\mathfrak' in version `bold'
(Font)                  U/euf/m/n --> U/euf/b/n on input line 106.
))
(/usr/share/texlive/texmf-dist/tex/latex/graphics/graphicx.sty
Package: graphicx 2014/10/28 v1.0g Enhanced LaTeX Graphics (DPC,SPQR)

(/usr/share/texlive/texmf-dist/tex/latex/graphics/keyval.sty
Package: keyval 2014/10/28 v1.15 key=value parser (DPC)
\KV@toks@=\toks26
)
(/usr/share/texlive/texmf-dist/tex/latex/graphics/graphics.sty
Package: graphics 2016/01/03 v1.0q Standard LaTeX Graphics (DPC,SPQR)

(/usr/share/texlive/texmf-dist/tex/latex/graphics/trig.sty
Package: trig 2016/01/03 v1.10 sin cos tan (DPC)
)
(/usr/share/texlive/texmf-dist/tex/latex/latexconfig/graphics.cfg
File: graphics.cfg 2010/04/23 v1.9 graphics configuration of TeX Live
)
Package graphics Info: Driver file: pdftex.def on input line 95.

(/usr/share/texlive/texmf-dist/tex/latex/pdftex-def/pdftex.def
File: pdftex.def 2011/05/27 v0.06d Graphics/color for pdfTeX

(/usr/share/texlive/texmf-dist/tex/generic/oberdiek/infwarerr.sty
Package: infwarerr 2010/04/08 v1.3 Providing info/warning/error messages (HO)
)
(/usr/share/texlive/texmf-dist/tex/generic/oberdiek/ltxcmds.sty
Package: ltxcmds 2011/11/09 v1.22 LaTeX kernel commands for general use (HO)
)
\Gread@gobject=\count106
))
\Gin@req@height=\dimen135
\Gin@req@width=\dimen136
)
(/usr/share/texlive/texmf-dist/tex/latex/base/textcomp.sty
Package: textcomp 2005/09/27 v1.99g Standard LaTeX package
Package textcomp Info: Sub-encoding information:
(textcomp)               5 = only ISO-Adobe without \textcurrency
(textcomp)               4 = 5 + \texteuro
(textcomp)               3 = 4 + \textohm
(textcomp)               2 = 3 + \textestimated + \textcurrency
(textcomp)               1 = TS1 - \textcircled - \t
(textcomp)               0 = TS1 (full)
(textcomp)             Font families with sub-encoding setting implement
(textcomp)             only a restricted character set as indicated.
(textcomp)             Family '?' is the default used for unknown fonts.
(textcomp)             See the documentation for details.
Package textcomp Info: Setting ? sub-encoding to TS1/1 on input line 79.

(/usr/share/texlive/texmf-dist/tex/latex/base/ts1enc.def
File: ts1enc.def 2001/06/05 v3.0e (jk/car/fm) Standard LaTeX file
)
LaTeX Info: Redefining \oldstylenums on input line 334.
Package textcomp Info: Setting cmr sub-encoding to TS1/0 on input line 349.
Package textcomp Info: Setting cmss sub-encoding to TS1/0 on input line 350.
Package textcomp Info: Setting cmtt sub-encoding to TS1/0 on input line 351.
Package textcomp Info: Setting cmvtt sub-encoding to TS1/0 on input line 352.
Package textcomp Info: Setting cmbr sub-encoding to TS1/0 on input line 353.
Package textcomp Info: Setting cmtl sub-encoding to TS1/0 on input line 354.
Package textcomp Info: Setting ccr sub-encoding to TS1/0 on input line 355.
Package textcomp Info: Setting ptm sub-encoding to TS1/4 on input line 356.
Package textcomp Info: Setting pcr sub-encoding to TS1/4 on input line 357.
Package textcomp Info: Setting phv sub-encoding to TS1/4 on input line 358.
Package textcomp Info: Setting ppl sub-encoding to TS1/3 on input line 359.
Package textcomp Info: Setting pag sub-encoding to TS1/4 on input line 360.
Package textcomp Info: Setting pbk sub-encoding to TS1/4 on input line 361.
Package textcomp Info: Setting pnc sub-encoding to TS1/4 on input line 362.
Package textcomp Info: Setting pzc sub-encoding to TS1/4 on input line 363.
Package textcomp Info: Setting bch sub-encoding to TS1/4 on input line 364.
Package textcomp Info: Setting put sub-encoding to TS1/5 on input line 365.
Package textcomp Info: Setting uag sub-encoding to TS1/5 on input line 366.
Package textcomp Info: Setting ugq sub-encoding to TS1/5 on input line 367.
Package textcomp Info: Setting ul8 sub-encoding to TS1/4 on input line 368.
Package textcomp Info: Setting ul9 sub-encoding to TS1/4 on input line 369.
Package textcomp Info: Setting augie sub-encoding to TS1/5 on input line 370.
Package textcomp Info: Setting dayrom sub-encoding to TS1/3 on input line 371.
Package textcomp Info: Setting dayroms sub-encoding to TS1/3 on input line 372.

Package textcomp Info: Setting pxr sub-encoding to TS1/0 on input line 373.
Package textcomp Info: Setting pxss sub-encoding to TS1/0 on input line 374.
Package textcomp Info: Setting pxtt sub-encoding to TS1/0 on input line 375.
Package textcomp Info: Setting txr sub-encoding to TS1/0 on input line 376.
Package textcomp Info: Setting txss sub-encoding to TS1/0 on input line 377.
Package textcomp Info: Setting txtt sub-encoding to TS1/0 on input line 378.
Package textcomp Info: Setting lmr sub-encoding to TS1/0 on input line 379.
Package textcomp Info: Setting lmdh sub-encoding to TS1/0 on input line 380.
Package textcomp Info: Setting lmss sub-encoding to TS1/0 on input line 381.
Package textcomp Info: Setting lmssq sub-encoding to TS1/0 on input line 382.
Package textcomp Info: Setting lmvtt sub-encoding to TS1/0 on input line 383.
Package textcomp Info: Setting lmtt sub-encoding to TS1/0 on input line 384.
Package textcomp Info: Setting qhv sub-encoding to TS1/0 on input line 385.
Package textcomp Info: Setting qag sub-encoding to TS1/0 on input line 386.
Package textcomp Info: Setting qbk sub-encoding to TS1/0 on input line 387.
Package textcomp Info: Setting qcr sub-encoding to TS1/0 on input line 388.
Package textcomp Info: Setting qcs sub-encoding to TS1/0 on input line 389.
Package textcomp Info: Setting qpl sub-encoding to TS1/0 on input line 390.
Package textcomp Info: Setting qtm sub-encoding to TS1/0 on input line 391.
Package textcomp Info: Setting qzc sub-encoding to TS1/0 on input line 392.
Package textcomp Info: Setting qhvc sub-encoding to TS1/0 on input line 393.
Package textcomp Info: Setting futs sub-encoding to TS1/4 on input line 394.
Package textcomp Info: Setting futx sub-encoding to TS1/4 on input line 395.
Package textcomp Info: Setting futj sub-encoding to TS1/4 on input line 396.
Package textcomp Info: Setting hlh sub-encoding to TS1/3 on input line 397.
Package textcomp Info: Setting hls sub-encoding to TS1/3 on input line 398.
Package textcomp Info: Setting hlst sub-encoding to TS1/3 on input line 399.
Package textcomp Info: Setting hlct sub-encoding to TS1/5 on input line 400.
Package textcomp Info: Setting hlx sub-encoding to TS1/5 on input line 401.
Package textcomp Info: Setting hlce sub-encoding to TS1/5 on input line 402.
Package textcomp Info: Setting hlcn sub-encoding to TS1/5 on input line 403.
Package textcomp Info: Setting hlcw sub-encoding to TS1/5 on input line 404.
Package textcomp Info: Setting hlcf sub-encoding to TS1/5 on input line 405.
Package textcomp Info: Setting pplx sub-encoding to TS1/3 on input line 406.
Package textcomp Info: Setting pplj sub-encoding to TS1/3 on input line 407.
Package textcomp Info: Setting ptmx sub-encoding to TS1/4 on input line 408.
Package textcomp Info: Setting ptmj sub-encoding to TS1/4 on input line 409.
)
(/usr/share/texlive/texmf-dist/tex/latex/xcolor/xcolor.sty
Package: xcolor 2007/01/21 v2.11 LaTeX color extensions (UK)

(/usr/share/texlive/texmf-dist/tex/latex/latexconfig/color.cfg
File: color.cfg 2007/01/18 v1.5 color configuration of teTeX/TeXLive
)
Package xcolor Info: Driver file: pdftex.def on input line 225.
Package xcolor Info: Model `cmy' substituted by `cmy0' on input line 1337.
Package xcolor Info: Model `hsb' substituted by `rgb' on input line 1341.
Package xcolor Info: Model `RGB' extended on input line 1353.
Package xcolor Info: Model `HTML' substituted by `rgb' on input line 1355.
Package xcolor Info: Model `Hsb' substituted by `hsb' on input line 1356.
Package xcolor Info: Model `tHsb' substituted by `hsb' on input line 1357.
Package xcolor Info: Model `HSB' substituted by `hsb' on input line 1358.
Package xcolor Info: Model `Gray' substituted by `gray' on input line 1359.
Package xcolor Info: Model `wave' substituted by `hsb' on input line 1360.
)
(/usr/share/texlive/texmf-dist/tex/latex/base/inputenc.sty
Package: inputenc 2015/03/17 v1.2c Input encoding file
\inpenc@prehook=\toks27
\inpenc@posthook=\toks28

(/usr/share/texlive/texmf-dist/tex/latex/base/utf8.def
File: utf8.def 2015/12/03 v1.1r UTF-8 support for inputenc
Now handling font encoding OML ...
... no UTF-8 mapping file for font encoding OML
Now handling font encoding T1 ...
... processing UTF-8 mapping file for font encoding T1

(/usr/share/texlive/texmf-dist/tex/latex/base/t1enc.dfu
File: t1enc.dfu 2015/12/03 v1.1r UTF-8 support for inputenc
   defining Unicode char U+00A0 (decimal 160)
   defining Unicode char U+00A1 (decimal 161)
   defining Unicode char U+00A3 (decimal 163)
   defining Unicode char U+00AB (decimal 171)
   defining Unicode char U+00AD (decimal 173)
   defining Unicode char U+00BB (decimal 187)
   defining Unicode char U+00BF (decimal 191)
   defining Unicode char U+00C0 (decimal 192)
   defining Unicode char U+00C1 (decimal 193)
   defining Unicode char U+00C2 (decimal 194)
   defining Unicode char U+00C3 (decimal 195)
   defining Unicode char U+00C4 (decimal 196)
   defining Unicode char U+00C5 (decimal 197)
   defining Unicode char U+00C6 (decimal 198)
   defining Unicode char U+00C7 (decimal 199)
   defining Unicode char U+00C8 (decimal 200)
   defining Unicode char U+00C9 (decimal 201)
   defining Unicode char U+00CA (decimal 202)
   defining Unicode char U+00CB (decimal 203)
   defining Unicode char U+00CC (decimal 204)
   defining Unicode char U+00CD (decimal 205)
   defining Unicode char U+00CE (decimal 206)
   defining Unicode char U+00CF (decimal 207)
   defining Unicode char U+00D0 (decimal 208)
   defining Unicode char U+00D1 (decimal 209)
   defining Unicode char U+00D2 (decimal 210)
   defining Unicode char U+00D3 (decimal 211)
   defining Unicode char U+00D4 (decimal 212)
   defining Unicode char U+00D5 (decimal 213)
   defining Unicode char U+00D6 (decimal 214)
   defining Unicode char U+00D8 (decimal 216)
   defining Unicode char U+00D9 (decimal 217)
   defining Unicode char U+00DA (decimal 218)
   defining Unicode char U+00DB (decimal 219)
   defining Unicode char U+00DC (decimal 220)
   defining Unicode char U+00DD (decimal 221)
   defining Unicode char U+00DE (decimal 222)
   defining Unicode char U+00DF (decimal 223)
   defining Unicode char U+00E0 (decimal 224)
   defining Unicode char U+00E1 (decimal 225)
   defining Unicode char U+00E2 (decimal 226)
   defining Unicode char U+00E3 (decimal 227)
   defining Unicode char U+00E4 (decimal 228)
   defining Unicode char U+00E5 (decimal 229)
   defining Unicode char U+00E6 (decimal 230)
   defining Unicode char U+00E7 (decimal 231)
   defining Unicode char U+00E8 (decimal 232)
   defining Unicode char U+00E9 (decimal 233)
   defining Unicode char U+00EA (decimal 234)
   defining Unicode char U+00EB (decimal 235)
   defining Unicode char U+00EC (decimal 236)
   defining Unicode char U+00ED (decimal 237)
   defining Unicode char U+00EE (decimal 238)
   defining Unicode char U+00EF (decimal 239)
   defining Unicode char U+00F0 (decimal 240)
   defining Unicode char U+00F1 (decimal 241)
   defining Unicode char U+00F2 (decimal 242)
   defining Unicode char U+00F3 (decimal 243)
   defining Unicode char U+00F4 (decimal 244)
   defining Unicode char U+00F5 (decimal 245)
   defining Unicode char U+00F6 (decimal 246)
   defining Unicode char U+00F8 (decimal 248)
   defining Unicode char U+00F9 (decimal 249)
   defining Unicode char U+00FA (decimal 250)
   defining Unicode char U+00FB (decimal 251)
   defining Unicode char U+00FC (decimal 252)
   defining Unicode char U+00FD (decimal 253)
   defining Unicode char U+00FE (decimal 254)
   defining Unicode char U+00FF (decimal 255)
   defining Unicode char U+0100 (decimal 256)
   defining Unicode char U+0101 (decimal 257)
   defining Unicode char U+0102 (decimal 258)
   defining Unicode char U+0103 (decimal 259)
   defining Unicode char U+0104 (decimal 260)
   defining Unicode char U+0105 (decimal 261)
   defining Unicode char U+0106 (decimal 262)
   defining Unicode char U+0107 (decimal 263)
   defining Unicode char U+0108 (decimal 264)
   defining Unicode char U+0109 (decimal 265)
   defining Unicode char U+010A (decimal 266)
   defining Unicode char U+010B (decimal 267)
   defining Unicode char U+010C (decimal 268)
   defining Unicode char U+010D (decimal 269)
   defining Unicode char U+010E (decimal 270)
   defining Unicode char U+010F (decimal 271)
   defining Unicode char U+0110 (decimal 272)
   defining Unicode char U+0111 (decimal 273)
   defining Unicode char U+0112 (decimal 274)
   defining Unicode char U+0113 (decimal 275)
   defining Unicode char U+0114 (decimal 276)
   defining Unicode char U+0115 (decimal 277)
   defining Unicode char U+0116 (decimal 278)
   defining Unicode char U+0117 (decimal 279)
   defining Unicode char U+0118 (decimal 280)
   defining Unicode char U+0119 (decimal 281)
   defining Unicode char U+011A (decimal 282)
   defining Unicode char U+011B (decimal 283)
   defining Unicode char U+011C (decimal 284)
   defining Unicode char U+011D (decimal 285)
   defining Unicode char U+011E (decimal 286)
   defining Unicode char U+011F (decimal 287)
   defining Unicode char U+0120 (decimal 288)
   defining Unicode char U+0121 (decimal 289)
   defining Unicode char U+0122 (decimal 290)
   defining Unicode char U+0123 (decimal 291)
   defining Unicode char U+0124 (decimal 292)
   defining Unicode char U+0125 (decimal 293)
   defining Unicode char U+0128 (decimal 296)
   defining Unicode char U+0129 (decimal 297)
   defining Unicode char U+012A (decimal 298)
   defining Unicode char U+012B (decimal 299)
   defining Unicode char U+012C (decimal 300)
   defining Unicode char U+012D (decimal 301)
   defining Unicode char U+012E (decimal 302)
   defining Unicode char U+012F (decimal 303)
   defining Unicode char U+0130 (decimal 304)
   defining Unicode char U+0131 (decimal 305)
   defining Unicode char U+0132 (decimal 306)
   defining Unicode char U+0133 (decimal 307)
   defining Unicode char U+0134 (decimal 308)
   defining Unicode char U+0135 (decimal 309)
   defining Unicode char U+0136 (decimal 310)
   defining Unicode char U+0137 (decimal 311)
   defining Unicode char U+0139 (decimal 313)
   defining Unicode char U+013A (decimal 314)
   defining Unicode char U+013B (decimal 315)
   defining Unicode char U+013C (decimal 316)
   defining Unicode char U+013D (decimal 317)
   defining Unicode char U+013E (decimal 318)
   defining Unicode char U+0141 (decimal 321)
   defining Unicode char U+0142 (decimal 322)
   defining Unicode char U+0143 (decimal 323)
   defining Unicode char U+0144 (decimal 324)
   defining Unicode char U+0145 (decimal 325)
   defining Unicode char U+0146 (decimal 326)
   defining Unicode char U+0147 (decimal 327)
   defining Unicode char U+0148 (decimal 328)
   defining Unicode char U+014A (decimal 330)
   defining Unicode char U+014B (decimal 331)
   defining Unicode char U+014C (decimal 332)
   defining Unicode char U+014D (decimal 333)
   defining Unicode char U+014E (decimal 334)
   defining Unicode char U+014F (decimal 335)
   defining Unicode char U+0150 (decimal 336)
   defining Unicode char U+0151 (decimal 337)
   defining Unicode char U+0152 (decimal 338)
   defining Unicode char U+0153 (decimal 339)
   defining Unicode char U+0154 (decimal 340)
   defining Unicode char U+0155 (decimal 341)
   defining Unicode char U+0156 (decimal 342)
   defining Unicode char U+0157 (decimal 343)
   defining Unicode char U+0158 (decimal 344)
   defining Unicode char U+0159 (decimal 345)
   defining Unicode char U+015A (decimal 346)
   defining Unicode char U+015B (decimal 347)
   defining Unicode char U+015C (decimal 348)
   defining Unicode char U+015D (decimal 349)
   defining Unicode char U+015E (decimal 350)
   defining Unicode char U+015F (decimal 351)
   defining Unicode char U+0160 (decimal 352)
   defining Unicode char U+0161 (decimal 353)
   defining Unicode char U+0162 (decimal 354)
   defining Unicode char U+0163 (decimal 355)
   defining Unicode char U+0164 (decimal 356)
   defining Unicode char U+0165 (decimal 357)
   defining Unicode char U+0168 (decimal 360)
   defining Unicode char U+0169 (decimal 361)
   defining Unicode char U+016A (decimal 362)
   defining Unicode char U+016B (decimal 363)
   defining Unicode char U+016C (decimal 364)
   defining Unicode char U+016D (decimal 365)
   defining Unicode char U+016E (decimal 366)
   defining Unicode char U+016F (decimal 367)
   defining Unicode char U+0170 (decimal 368)
   defining Unicode char U+0171 (decimal 369)
   defining Unicode char U+0172 (decimal 370)
   defining Unicode char U+0173 (decimal 371)
   defining Unicode char U+0174 (decimal 372)
   defining Unicode char U+0175 (decimal 373)
   defining Unicode char U+0176 (decimal 374)
   defining Unicode char U+0177 (decimal 375)
   defining Unicode char U+0178 (decimal 376)
   defining Unicode char U+0179 (decimal 377)
   defining Unicode char U+017A (decimal 378)
   defining Unicode char U+017B (decimal 379)
   defining Unicode char U+017C (decimal 380)
   defining Unicode char U+017D (decimal 381)
   defining Unicode char U+017E (decimal 382)
   defining Unicode char U+01CD (decimal 461)
   defining Unicode char U+01CE (decimal 462)
   defining Unicode char U+01CF (decimal 463)
   defining Unicode char U+01D0 (decimal 464)
   defining Unicode char U+01D1 (decimal 465)
   defining Unicode char U+01D2 (decimal 466)
   defining Unicode char U+01D3 (decimal 467)
   defining Unicode char U+01D4 (decimal 468)
   defining Unicode char U+01E2 (decimal 482)
   defining Unicode char U+01E3 (decimal 483)
   defining Unicode char U+01E6 (decimal 486)
   defining Unicode char U+01E7 (decimal 487)
   defining Unicode char U+01E8 (decimal 488)
   defining Unicode char U+01E9 (decimal 489)
   defining Unicode char U+01EA (decimal 490)
   defining Unicode char U+01EB (decimal 491)
   defining Unicode char U+01F0 (decimal 496)
   defining Unicode char U+01F4 (decimal 500)
   defining Unicode char U+01F5 (decimal 501)
   defining Unicode char U+0218 (decimal 536)
   defining Unicode char U+0219 (decimal 537)
   defining Unicode char U+021A (decimal 538)
   defining Unicode char U+021B (decimal 539)
   defining Unicode char U+01E02 (decimal 7682)
   defining Unicode char U+01E03 (decimal 7683)
   defining Unicode char U+200C (decimal 8204)
   defining Unicode char U+2013 (decimal 8211)
   defining Unicode char U+2014 (decimal 8212)
   defining Unicode char U+2018 (decimal 8216)
   defining Unicode char U+2019 (decimal 8217)
   defining Unicode char U+201A (decimal 8218)
   defining Unicode char U+201C (decimal 8220)
   defining Unicode char U+201D (decimal 8221)
   defining Unicode char U+201E (decimal 8222)
   defining Unicode char U+2030 (decimal 8240)
   defining Unicode char U+2031 (decimal 8241)
   defining Unicode char U+2039 (decimal 8249)
   defining Unicode char U+203A (decimal 8250)
   defining Unicode char U+2423 (decimal 9251)
)
Now handling font encoding OT1 ...
... processing UTF-8 mapping file for font encoding OT1

(/usr/share/texlive/texmf-dist/tex/latex/base/ot1enc.dfu
File: ot1enc.dfu 2015/12/03 v1.1r UTF-8 support for inputenc
   defining Unicode char U+00A0 (decimal 160)
   defining Unicode char U+00A1 (decimal 161)
   defining Unicode char U+00A3 (decimal 163)
   defining Unicode char U+00AD (decimal 173)
   defining Unicode char U+00B8 (decimal 184)
   defining Unicode char U+00BF (decimal 191)
   defining Unicode char U+00C5 (decimal 197)
   defining Unicode char U+00C6 (decimal 198)
   defining Unicode char U+00D8 (decimal 216)
   defining Unicode char U+00DF (decimal 223)
   defining Unicode char U+00E6 (decimal 230)
   defining Unicode char U+00EC (decimal 236)
   defining Unicode char U+00ED (decimal 237)
   defining Unicode char U+00EE (decimal 238)
   defining Unicode char U+00EF (decimal 239)
   defining Unicode char U+00F8 (decimal 248)
   defining Unicode char U+0131 (decimal 305)
   defining Unicode char U+0141 (decimal 321)
   defining Unicode char U+0142 (decimal 322)
   defining Unicode char U+0152 (decimal 338)
   defining Unicode char U+0153 (decimal 339)
   defining Unicode char U+0174 (decimal 372)
   defining Unicode char U+0175 (decimal 373)
   defining Unicode char U+0176 (decimal 374)
   defining Unicode char U+0177 (decimal 375)
   defining Unicode char U+0218 (decimal 536)
   defining Unicode char U+0219 (decimal 537)
   defining Unicode char U+021A (decimal 538)
   defining Unicode char U+021B (decimal 539)
   defining Unicode char U+2013 (decimal 8211)
   defining Unicode char U+2014 (decimal 8212)
   defining Unicode char U+2018 (decimal 8216)
   defining Unicode char U+2019 (decimal 8217)
   defining Unicode char U+201C (decimal 8220)
   defining Unicode char U+201D (decimal 8221)
)
Now handling font encoding OMS ...
... processing UTF-8 mapping file for font encoding OMS

(/usr/share/texlive/texmf-dist/tex/latex/base/omsenc.dfu
File: omsenc.dfu 2015/12/03 v1.1r UTF-8 support for inputenc
   defining Unicode char U+00A7 (decimal 167)
   defining Unicode char U+00B6 (decimal 182)
   defining Unicode char U+00B7 (decimal 183)
   defining Unicode char U+2020 (decimal 8224)
   defining Unicode char U+2021 (decimal 8225)
   defining Unicode char U+2022 (decimal 8226)
)
Now handling font encoding OMX ...
... no UTF-8 mapping file for font encoding OMX
Now handling font encoding U ...
... no UTF-8 mapping file for font encoding U
Now handling font encoding TS1 ...
... processing UTF-8 mapping file for font encoding TS1

(/usr/share/texlive/texmf-dist/tex/latex/base/ts1enc.dfu
File: ts1enc.dfu 2015/12/03 v1.1r UTF-8 support for inputenc
   defining Unicode char U+00A2 (decimal 162)
   defining Unicode char U+00A3 (decimal 163)
   defining Unicode char U+00A4 (decimal 164)
   defining Unicode char U+00A5 (decimal 165)
   defining Unicode char U+00A6 (decimal 166)
   defining Unicode char U+00A7 (decimal 167)
   defining Unicode char U+00A8 (decimal 168)
   defining Unicode char U+00A9 (decimal 169)
   defining Unicode char U+00AA (decimal 170)
   defining Unicode char U+00AC (decimal 172)
   defining Unicode char U+00AE (decimal 174)
   defining Unicode char U+00AF (decimal 175)
   defining Unicode char U+00B0 (decimal 176)
   defining Unicode char U+00B1 (decimal 177)
   defining Unicode char U+00B2 (decimal 178)
   defining Unicode char U+00B3 (decimal 179)
   defining Unicode char U+00B4 (decimal 180)
   defining Unicode char U+00B5 (decimal 181)
   defining Unicode char U+00B6 (decimal 182)
   defining Unicode char U+00B7 (decimal 183)
   defining Unicode char U+00B9 (decimal 185)
   defining Unicode char U+00BA (decimal 186)
   defining Unicode char U+00BC (decimal 188)
   defining Unicode char U+00BD (decimal 189)
   defining Unicode char U+00BE (decimal 190)
   defining Unicode char U+00D7 (decimal 215)
   defining Unicode char U+00F7 (decimal 247)
   defining Unicode char U+0192 (decimal 402)
   defining Unicode char U+02C7 (decimal 711)
   defining Unicode char U+02D8 (decimal 728)
   defining Unicode char U+02DD (decimal 733)
   defining Unicode char U+0E3F (decimal 3647)
   defining Unicode char U+2016 (decimal 8214)
   defining Unicode char U+2020 (decimal 8224)
   defining Unicode char U+2021 (decimal 8225)
   defining Unicode char U+2022 (decimal 8226)
   defining Unicode char U+2030 (decimal 8240)
   defining Unicode char U+2031 (decimal 8241)
   defining Unicode char U+203B (decimal 8251)
   defining Unicode char U+203D (decimal 8253)
   defining Unicode char U+2044 (decimal 8260)
   defining Unicode char U+204E (decimal 8270)
   defining Unicode char U+2052 (decimal 8274)
   defining Unicode char U+20A1 (decimal 8353)
   defining Unicode char U+20A4 (decimal 8356)
   defining Unicode char U+20A6 (decimal 8358)
   defining Unicode char U+20A9 (decimal 8361)
   defining Unicode char U+20AB (decimal 8363)
   defining Unicode char U+20AC (decimal 8364)
   defining Unicode char U+20B1 (decimal 8369)
   defining Unicode char U+2103 (decimal 8451)
   defining Unicode char U+2116 (decimal 8470)
   defining Unicode char U+2117 (decimal 8471)
   defining Unicode char U+211E (decimal 8478)
   defining Unicode char U+2120 (decimal 8480)
   defining Unicode char U+2122 (decimal 8482)
   defining Unicode char U+2126 (decimal 8486)
   defining Unicode char U+2127 (decimal 8487)
   defining Unicode char U+212E (decimal 8494)
   defining Unicode char U+2190 (decimal 8592)
   defining Unicode char U+2191 (decimal 8593)
   defining Unicode char U+2192 (decimal 8594)
   defining Unicode char U+2193 (decimal 8595)
   defining Unicode char U+2329 (decimal 9001)
   defining Unicode char U+232A (decimal 9002)
   defining Unicode char U+2422 (decimal 9250)
   defining Unicode char U+25E6 (decimal 9702)
   defining Unicode char U+25EF (decimal 9711)
   defining Unicode char U+266A (decimal 9834)
)
   defining Unicode char U+00A9 (decimal 169)
   defining Unicode char U+00AA (decimal 170)
   defining Unicode char U+00AE (decimal 174)
   defining Unicode char U+00BA (decimal 186)
   defining Unicode char U+02C6 (decimal 710)
   defining Unicode char U+02DC (decimal 732)
   defining Unicode char U+200C (decimal 8204)
   defining Unicode char U+2026 (decimal 8230)
   defining Unicode char U+2122 (decimal 8482)
   defining Unicode char U+2423 (decimal 9251)
))
(/usr/share/texlive/texmf-dist/tex/latex/base/fontenc.sty
Package: fontenc 2005/09/27 v1.99g Standard LaTeX package

(/usr/share/texlive/texmf-dist/tex/latex/base/t1enc.def
File: t1enc.def 2005/09/27 v1.99g Standard LaTeX file
LaTeX Font Info:    Redeclaring font encoding T1 on input line 48.
)
LaTeX Font Info:    Try loading font information for T1+ptm on input line 105.

(/usr/share/texlive/texmf-dist/tex/latex/psnfss/t1ptm.fd
File: t1ptm.fd 2001/06/04 font definitions for T1/ptm.
))
(/usr/share/texmf/tex/latex/tex-gyre/tgtermes.sty
Package: tgtermes 2009/09/27 v1.2 TeX Gyre Termes as default roman family

(/usr/share/texlive/texmf-dist/tex/latex/oberdiek/kvoptions.sty
Package: kvoptions 2011/06/30 v3.11 Key value format for package options (HO)

(/usr/share/texlive/texmf-dist/tex/generic/oberdiek/kvsetkeys.sty
Package: kvsetkeys 2012/04/25 v1.16 Key value parser (HO)

(/usr/share/texlive/texmf-dist/tex/generic/oberdiek/etexcmds.sty
Package: etexcmds 2011/02/16 v1.5 Avoid name clashes with e-TeX commands (HO)

(/usr/share/texlive/texmf-dist/tex/generic/oberdiek/ifluatex.sty
Package: ifluatex 2010/03/01 v1.3 Provides the ifluatex switch (HO)
Package ifluatex Info: LuaTeX not detected.
)
Package etexcmds Info: Could not find \expanded.
(etexcmds)             That can mean that you are not using pdfTeX 1.50 or
(etexcmds)             that some package has redefined \expanded.
(etexcmds)             In the latter case, load this package earlier.
))))
(/usr/share/texlive/texmf-dist/tex/latex/psnfss/mathptmx.sty
Package: mathptmx 2005/04/12 PSNFSS-v9.2a Times w/ Math, improved (SPQR, WaS) 
LaTeX Font Info:    Redeclaring symbol font `operators' on input line 28.
LaTeX Font Info:    Overwriting symbol font `operators' in version `normal'
(Font)                  OT1/cmr/m/n --> OT1/ztmcm/m/n on input line 28.
LaTeX Font Info:    Overwriting symbol font `operators' in version `bold'
(Font)                  OT1/cmr/bx/n --> OT1/ztmcm/m/n on input line 28.
LaTeX Font Info:    Redeclaring symbol font `letters' on input line 29.
LaTeX Font Info:    Overwriting symbol font `letters' in version `normal'
(Font)                  OML/cmm/m/it --> OML/ztmcm/m/it on input line 29.
LaTeX Font Info:    Overwriting symbol font `letters' in version `bold'
(Font)                  OML/cmm/b/it --> OML/ztmcm/m/it on input line 29.
LaTeX Font Info:    Redeclaring symbol font `symbols' on input line 30.
LaTeX Font Info:    Overwriting symbol font `symbols' in version `normal'
(Font)                  OMS/cmsy/m/n --> OMS/ztmcm/m/n on input line 30.
LaTeX Font Info:    Overwriting symbol font `symbols' in version `bold'
(Font)                  OMS/cmsy/b/n --> OMS/ztmcm/m/n on input line 30.
LaTeX Font Info:    Redeclaring symbol font `largesymbols' on input line 31.
LaTeX Font Info:    Overwriting symbol font `largesymbols' in version `normal'
(Font)                  OMX/cmex/m/n --> OMX/ztmcm/m/n on input line 31.
LaTeX Font Info:    Overwriting symbol font `largesymbols' in version `bold'
(Font)                  OMX/cmex/m/n --> OMX/ztmcm/m/n on input line 31.
\symbold=\mathgroup6
\symitalic=\mathgroup7
LaTeX Font Info:    Redeclaring math alphabet \mathbf on input line 34.
LaTeX Font Info:    Overwriting math alphabet `\mathbf' in version `normal'
(Font)                  OT1/cmr/bx/n --> OT1/ptm/bx/n on input line 34.
LaTeX Font Info:    Overwriting math alphabet `\mathbf' in version `bold'
(Font)                  OT1/cmr/bx/n --> OT1/ptm/bx/n on input line 34.
LaTeX Font Info:    Redeclaring math alphabet \mathit on input line 35.
LaTeX Font Info:    Overwriting math alphabet `\mathit' in version `normal'
(Font)                  OT1/cmr/m/it --> OT1/ptm/m/it on input line 35.
LaTeX Font Info:    Overwriting math alphabet `\mathit' in version `bold'
(Font)                  OT1/cmr/bx/it --> OT1/ptm/m/it on input line 35.
LaTeX Info: Redefining \hbar on input line 50.
)
(/usr/share/texlive/texmf-dist/tex/latex/psnfss/helvet.sty
Package: helvet 2005/04/12 PSNFSS-v9.2a (WaS) 
)
(/usr/share/texlive/texmf-dist/tex/latex/jknapltx/mathrsfs.sty
Package: mathrsfs 1996/01/01 Math RSFS package v1.0 (jk)
\symrsfs=\mathgroup8
)
(/usr/share/texlive/texmf-dist/tex/latex/natbib/natbib.sty
Package: natbib 2010/09/13 8.31b (PWD, AO)


Package natbib Warning: The `cite' package should not be used
(natbib)                with natbib. Use option `sort' instead.

\bibhang=\skip50
\bibsep=\skip51
LaTeX Info: Redefining \cite on input line 694.
LaTeX Info: Redefining \citenum on input line 708.
\c@NAT@ctr=\count107
) (/usr/share/texlive/texmf-dist/tex/latex/hyperref/hyperref.sty
Package: hyperref 2012/11/06 v6.83m Hypertext links for LaTeX

(/usr/share/texlive/texmf-dist/tex/generic/oberdiek/hobsub-hyperref.sty
Package: hobsub-hyperref 2012/05/28 v1.13 Bundle oberdiek, subset hyperref (HO)


(/usr/share/texlive/texmf-dist/tex/generic/oberdiek/hobsub-generic.sty
Package: hobsub-generic 2012/05/28 v1.13 Bundle oberdiek, subset generic (HO)
Package: hobsub 2012/05/28 v1.13 Construct package bundles (HO)
Package hobsub Info: Skipping package `infwarerr' (already loaded).
Package hobsub Info: Skipping package `ltxcmds' (already loaded).
Package hobsub Info: Skipping package `ifluatex' (already loaded).
Package: ifvtex 2010/03/01 v1.5 Detect VTeX and its facilities (HO)
Package ifvtex Info: VTeX not detected.
Package: intcalc 2007/09/27 v1.1 Expandable calculations with integers (HO)
Package: ifpdf 2011/01/30 v2.3 Provides the ifpdf switch (HO)
Package ifpdf Info: pdfTeX in PDF mode is detected.
Package hobsub Info: Skipping package `etexcmds' (already loaded).
Package hobsub Info: Skipping package `kvsetkeys' (already loaded).
Package: kvdefinekeys 2011/04/07 v1.3 Define keys (HO)
Package: pdftexcmds 2011/11/29 v0.20 Utility functions of pdfTeX for LuaTeX (HO
)
Package pdftexcmds Info: LuaTeX not detected.
Package pdftexcmds Info: \pdf@primitive is available.
Package pdftexcmds Info: \pdf@ifprimitive is available.
Package pdftexcmds Info: \pdfdraftmode found.
Package: pdfescape 2011/11/25 v1.13 Implements pdfTeX's escape features (HO)
Package: bigintcalc 2012/04/08 v1.3 Expandable calculations on big integers (HO
)
Package: bitset 2011/01/30 v1.1 Handle bit-vector datatype (HO)
Package: uniquecounter 2011/01/30 v1.2 Provide unlimited unique counter (HO)
)
Package hobsub Info: Skipping package `hobsub' (already loaded).
Package: letltxmacro 2010/09/02 v1.4 Let assignment for LaTeX macros (HO)
Package: hopatch 2012/05/28 v1.2 Wrapper for package hooks (HO)
Package: xcolor-patch 2011/01/30 xcolor patch
Package: atveryend 2011/06/30 v1.8 Hooks at the very end of document (HO)
Package atveryend Info: \enddocument detected (standard20110627).
Package: atbegshi 2011/10/05 v1.16 At begin shipout hook (HO)
Package: refcount 2011/10/16 v3.4 Data extraction from label references (HO)
Package: hycolor 2011/01/30 v1.7 Color options for hyperref/bookmark (HO)
)
(/usr/share/texlive/texmf-dist/tex/generic/ifxetex/ifxetex.sty
Package: ifxetex 2010/09/12 v0.6 Provides ifxetex conditional
)
(/usr/share/texlive/texmf-dist/tex/latex/oberdiek/auxhook.sty
Package: auxhook 2011/03/04 v1.3 Hooks for auxiliary files (HO)
)
\@linkdim=\dimen137
\Hy@linkcounter=\count108
\Hy@pagecounter=\count109

(/usr/share/texlive/texmf-dist/tex/latex/hyperref/pd1enc.def
File: pd1enc.def 2012/11/06 v6.83m Hyperref: PDFDocEncoding definition (HO)
Now handling font encoding PD1 ...
... no UTF-8 mapping file for font encoding PD1
)
\Hy@SavedSpaceFactor=\count110

(/usr/share/texlive/texmf-dist/tex/latex/latexconfig/hyperref.cfg
File: hyperref.cfg 2002/06/06 v1.2 hyperref configuration of TeXLive
)
Package hyperref Info: Option `colorlinks' set `true' on input line 4319.
Package hyperref Info: Hyper figures OFF on input line 4443.
Package hyperref Info: Link nesting OFF on input line 4448.
Package hyperref Info: Hyper index ON on input line 4451.
Package hyperref Info: Plain pages OFF on input line 4458.
Package hyperref Info: Backreferencing OFF on input line 4463.
Package hyperref Info: Implicit mode ON; LaTeX internals redefined.
Package hyperref Info: Bookmarks ON on input line 4688.
\c@Hy@tempcnt=\count111

(/usr/share/texlive/texmf-dist/tex/latex/url/url.sty
\Urlmuskip=\muskip11
Package: url 2013/09/16  ver 3.4  Verb mode for urls, etc.
)
LaTeX Info: Redefining \url on input line 5041.
\XeTeXLinkMargin=\dimen138
\Fld@menulength=\count112
\Field@Width=\dimen139
\Fld@charsize=\dimen140
Package hyperref Info: Hyper figures OFF on input line 6295.
Package hyperref Info: Link nesting OFF on input line 6300.
Package hyperref Info: Hyper index ON on input line 6303.
Package hyperref Info: backreferencing OFF on input line 6310.
Package hyperref Info: Link coloring ON on input line 6313.
Package hyperref Info: Link coloring with OCG OFF on input line 6320.
Package hyperref Info: PDF/A mode OFF on input line 6325.
LaTeX Info: Redefining \ref on input line 6365.
LaTeX Info: Redefining \pageref on input line 6369.
\Hy@abspage=\count113
\c@Item=\count114
\c@Hfootnote=\count115
)

Package hyperref Message: Driver (autodetected): hpdftex.

(/usr/share/texlive/texmf-dist/tex/latex/hyperref/hpdftex.def
File: hpdftex.def 2012/11/06 v6.83m Hyperref driver for pdfTeX
\Fld@listcount=\count116
\c@bookmark@seq@number=\count117

(/usr/share/texlive/texmf-dist/tex/latex/oberdiek/rerunfilecheck.sty
Package: rerunfilecheck 2011/04/15 v1.7 Rerun checks for auxiliary files (HO)
Package uniquecounter Info: New unique counter `rerunfilecheck' on input line 2
82.
)
\Hy@SectionHShift=\skip52
)
(/usr/share/texlive/texmf-dist/tex/latex/mathtools/mathtools.sty
Package: mathtools 2015/11/12 v1.18 mathematical typesetting tools

(/usr/share/texlive/texmf-dist/tex/latex/tools/calc.sty
Package: calc 2014/10/28 v4.3 Infix arithmetic (KKT,FJ)
\calc@Acount=\count118
\calc@Bcount=\count119
\calc@Adimen=\dimen141
\calc@Bdimen=\dimen142
\calc@Askip=\skip53
\calc@Bskip=\skip54
LaTeX Info: Redefining \setlength on input line 80.
LaTeX Info: Redefining \addtolength on input line 81.
\calc@Ccount=\count120
\calc@Cskip=\skip55
)
(/usr/share/texlive/texmf-dist/tex/latex/mathtools/mhsetup.sty
Package: mhsetup 2010/01/21 v1.2a programming setup (MH)
)
LaTeX Info: Thecontrolsequence`\('isalreadyrobust on input line 129.
LaTeX Info: Thecontrolsequence`\)'isalreadyrobust on input line 129.
LaTeX Info: Thecontrolsequence`\['isalreadyrobust on input line 129.
LaTeX Info: Thecontrolsequence`\]'isalreadyrobust on input line 129.
\g_MT_multlinerow_int=\count121
\l_MT_multwidth_dim=\dimen143
\origjot=\skip56
\l_MT_shortvdotswithinadjustabove_dim=\dimen144
\l_MT_shortvdotswithinadjustbelow_dim=\dimen145
\l_MT_above_intertext_sep=\dimen146
\l_MT_below_intertext_sep=\dimen147
\l_MT_above_shortintertext_sep=\dimen148
\l_MT_below_shortintertext_sep=\dimen149
)
(/usr/share/texlive/texmf-dist/tex/latex/oberdiek/epstopdf.sty
Package: epstopdf 2010/02/09 v2.5 Conversion with epstopdf on the fly (HO)

(/usr/share/texlive/texmf-dist/tex/latex/oberdiek/epstopdf-base.sty
Package: epstopdf-base 2010/02/09 v2.5 Base part for package epstopdf

(/usr/share/texlive/texmf-dist/tex/latex/oberdiek/grfext.sty
Package: grfext 2010/08/19 v1.1 Manage graphics extensions (HO)
)
Package grfext Info: Graphics extension search list:
(grfext)             [.png,.pdf,.jpg,.mps,.jpeg,.jbig2,.jb2,.PNG,.PDF,.JPG,.JPE
G,.JBIG2,.JB2,.eps]
(grfext)             \AppendGraphicsExtensions on input line 452.

(/usr/share/texlive/texmf-dist/tex/latex/latexconfig/epstopdf-sys.cfg
File: epstopdf-sys.cfg 2010/07/13 v1.3 Configuration of (r)epstopdf for TeX Liv
e
)))
(/usr/share/texlive/texmf-dist/tex/latex/graphics/epsfig.sty
Package: epsfig 1999/02/16 v1.7a (e)psfig emulation (SPQR)
\epsfxsize=\dimen150
\epsfysize=\dimen151
)
(/usr/share/texlive/texmf-dist/tex/latex/adjustbox/adjustbox.sty
Package: adjustbox 2012/05/21 v1.0 Adjusting TeX boxes (trim, clip, ...)

(/usr/share/texlive/texmf-dist/tex/latex/xkeyval/xkeyval.sty
Package: xkeyval 2014/12/03 v2.7a package option processing (HA)

(/usr/share/texlive/texmf-dist/tex/generic/xkeyval/xkeyval.tex
(/usr/share/texlive/texmf-dist/tex/generic/xkeyval/xkvutils.tex
\XKV@toks=\toks29
\XKV@tempa@toks=\toks30
)
\XKV@depth=\count122
File: xkeyval.tex 2014/12/03 v2.7a key=value parser (HA)
))
(/usr/share/texlive/texmf-dist/tex/latex/adjustbox/adjcalc.sty
Package: adjcalc 2012/05/16 v1.1 Provides advanced setlength with multiple back
-ends (calc, etex, pgfmath)
)
(/usr/share/texlive/texmf-dist/tex/latex/adjustbox/trimclip.sty
Package: trimclip 2012/05/16 v1.0 Trim and clip general TeX material

(/usr/share/texlive/texmf-dist/tex/latex/collectbox/collectbox.sty
Package: collectbox 2012/05/17 v0.4b Collect macro arguments as boxes
\collectedbox=\box30
)
\tc@llx=\dimen152
\tc@lly=\dimen153
\tc@urx=\dimen154
\tc@ury=\dimen155
Package trimclip Info: Using driver 'tc-pdftex.def'.

(/usr/share/texlive/texmf-dist/tex/latex/adjustbox/tc-pdftex.def
File: tc-pdftex.def 2012/05/13 v1.0 Clipping driver for pdftex
))
\adjbox@Width=\dimen156
\adjbox@Height=\dimen157
\adjbox@Depth=\dimen158
\adjbox@Totalheight=\dimen159

(/usr/share/texlive/texmf-dist/tex/latex/ifoddpage/ifoddpage.sty
Package: ifoddpage 2011/09/13 v1.0 Conditionals for odd/even page detection
\c@checkoddpage=\count123
)
(/usr/share/texlive/texmf-dist/tex/latex/varwidth/varwidth.sty
Package: varwidth 2009/03/30 ver 0.92;  Variable-width minipages
\@vwid@box=\box31
\sift@deathcycles=\count124
\@vwid@loff=\dimen160
\@vwid@roff=\dimen161
))
(/usr/share/texlive/texmf-dist/tex/latex/subfigure/subfigure.sty
Package: subfigure 2002/03/15 v2.1.5 subfigure package
\subfigtopskip=\skip57
\subfigcapskip=\skip58
\subfigcaptopadj=\dimen162
\subfigbottomskip=\skip59
\subfigcapmargin=\dimen163
\subfiglabelskip=\skip60
\c@subfigure=\count125
\c@lofdepth=\count126
\c@subtable=\count127
\c@lotdepth=\count128

****************************************
* Local config file subfigure.cfg used *
****************************************
(/usr/share/texlive/texmf-dist/tex/latex/subfigure/subfigure.cfg)
\subfig@top=\skip61
\subfig@bottom=\skip62
)
(/usr/share/texlive/texmf-dist/tex/latex/caption/caption.sty
Package: caption 2016/02/21 v3.3-144 Customizing captions (AR)

(/usr/share/texlive/texmf-dist/tex/latex/caption/caption3.sty
Package: caption3 2016/02/04 v1.7-139 caption3 kernel (AR)
Package caption3 Info: TeX engine: e-TeX on input line 67.
\captionmargin=\dimen164
\captionmargin@=\dimen165
\captionwidth=\dimen166
\caption@tempdima=\dimen167
\caption@indent=\dimen168
\caption@parindent=\dimen169
\caption@hangindent=\dimen170
Package caption Info: Unknown document class (or package),
(caption)             standard defaults will be used.
)

Package caption Warning: Unsupported document class (or package) detected,
(caption)                usage of the caption package is not recommended.
See the caption package documentation for explanation.

Package caption Info: \@makecaption = \long macro:#1#2->\ifx \@captype \@IEEEta
blestring \footnotesize \bgroup \par \centering \@IEEEtabletopskipstrut {\norma
lfont \footnotesize #1}\\{\normalfont \footnotesize \scshape #2}\par \addvspace
 {0.5\baselineskip }\egroup \@IEEEtablecaptionsepspace \else \@IEEEfigurecaptio
nsepspace \setbox \@tempboxa \hbox {\normalfont \footnotesize {#1.}\nobreakspac
e \nobreakspace #2}\ifdim \wd \@tempboxa >\hsize \setbox \@tempboxa \hbox {\nor
malfont \footnotesize {#1.}\nobreakspace \nobreakspace }\parbox [t]{\hsize }{\n
ormalfont \footnotesize \noindent \unhbox \@tempboxa #2}\else \ifCLASSOPTIONcon
ference \hbox to\hsize {\normalfont \footnotesize \hfil \box \@tempboxa \hfil }
\else \hbox to\hsize {\normalfont \footnotesize \box \@tempboxa \hfil }\fi \fi 
\fi .
\c@ContinuedFloat=\count129
Package caption Info: hyperref package is loaded.
Package caption Info: subfigure package is loaded.
) (/usr/share/texlive/texmf-dist/tex/latex/caption/subcaption.sty
Package: subcaption 2016/02/20 v1.1-142 Sub-captions (AR)


! Package subcaption Error: This package can't be used in cooperation
(subcaption)                with the subfigure package.

See the subcaption package documentation for explanation.
Type  H <return>  for immediate help.
 ...                                              
                                                  
l.54   \endinput}{}
                   %
RTFM

) (/usr/share/texlive/texmf-dist/tex/latex/algorithms/algorithm.sty
Package: algorithm 2009/08/24 v0.1 Document Style `algorithm' - floating enviro
nment

(/usr/share/texlive/texmf-dist/tex/latex/float/float.sty
Package: float 2001/11/08 v1.3d Float enhancements (AL)
\c@float@type=\count130
\float@exts=\toks31
\float@box=\box32
\@float@everytoks=\toks32
\@floatcapt=\box33
)
(/usr/share/texlive/texmf-dist/tex/latex/base/ifthen.sty
Package: ifthen 2014/09/29 v1.1c Standard LaTeX ifthen package (DPC)
)
\@float@every@algorithm=\toks33
\c@algorithm=\count131
)
(/usr/share/texlive/texmf-dist/tex/latex/algorithms/algorithmic.sty
Package: algorithmic 2009/08/24 v0.1 Document Style `algorithmic'
\c@ALC@unique=\count132
\c@ALC@line=\count133
\c@ALC@rem=\count134
\c@ALC@depth=\count135
\ALC@tlm=\skip63
\algorithmicindent=\skip64
)
\c@theorem=\count136
\c@Assumption=\count137

No file conference_041818V1.aux.
\openout1 = `conference_041818V1.aux'.

LaTeX Font Info:    Checking defaults for OML/cmm/m/it on input line 65.
LaTeX Font Info:    ... okay on input line 65.
LaTeX Font Info:    Checking defaults for T1/cmr/m/n on input line 65.
LaTeX Font Info:    ... okay on input line 65.
LaTeX Font Info:    Checking defaults for OT1/cmr/m/n on input line 65.
LaTeX Font Info:    ... okay on input line 65.
LaTeX Font Info:    Checking defaults for OMS/cmsy/m/n on input line 65.
LaTeX Font Info:    ... okay on input line 65.
LaTeX Font Info:    Checking defaults for OMX/cmex/m/n on input line 65.
LaTeX Font Info:    ... okay on input line 65.
LaTeX Font Info:    Checking defaults for U/cmr/m/n on input line 65.
LaTeX Font Info:    ... okay on input line 65.
LaTeX Font Info:    Checking defaults for TS1/cmr/m/n on input line 65.
LaTeX Font Info:    Try loading font information for TS1+cmr on input line 65.
(/usr/share/texlive/texmf-dist/tex/latex/base/ts1cmr.fd
File: ts1cmr.fd 2014/09/29 v2.5h Standard LaTeX font definitions
)
LaTeX Font Info:    ... okay on input line 65.
LaTeX Font Info:    Checking defaults for PD1/pdf/m/n on input line 65.
LaTeX Font Info:    ... okay on input line 65.

-- Lines per column: 56 (exact).
(/usr/share/texlive/texmf-dist/tex/context/base/supp-pdf.mkii
[Loading MPS to PDF converter (version 2006.09.02).]
\scratchcounter=\count138
\scratchdimen=\dimen171
\scratchbox=\box34
\nofMPsegments=\count139
\nofMParguments=\count140
\everyMPshowfont=\toks34
\MPscratchCnt=\count141
\MPscratchDim=\dimen172
\MPnumerator=\count142
\makeMPintoPDFobject=\count143
\everyMPtoPDFconversion=\toks35
)
\AtBeginShipoutBox=\box35
Package hyperref Info: Link coloring ON on input line 65.
 (/usr/share/texlive/texmf-dist/tex/latex/hyperref/nameref.sty
Package: nameref 2012/10/27 v2.43 Cross-referencing by name of section

(/usr/share/texlive/texmf-dist/tex/generic/oberdiek/gettitlestring.sty
Package: gettitlestring 2010/12/03 v1.4 Cleanup title references (HO)
)
\c@section@level=\count144
)
LaTeX Info: Redefining \ref on input line 65.
LaTeX Info: Redefining \pageref on input line 65.
LaTeX Info: Redefining \nameref on input line 65.
\@outlinefile=\write3
\openout3 = `conference_041818V1.out'.

Package caption Info: Begin \AtBeginDocument code.
Package caption Info: float package is loaded.
Package caption Info: End \AtBeginDocument code.


LaTeX Warning: No \author given.


LaTeX Warning: No \author given.


LaTeX Warning: No \author given.


! Package inputenc Error: Unicode char  (U+FF0C)
(inputenc)                not set up for use with LaTeX.

See the inputenc package documentation for explanation.
Type  H <return>  for immediate help.
 ...                                              
                                                  
l.72 ... of updates to increase with the epochs
                                                   which decreases the numbe...

Your command was ignored.
Type  I <command> <return>  to replace it with another command,
or  <return>  to continue without it.

LaTeX Font Info:    Try loading font information for OT1+ztmcm on input line 81
.
(/usr/share/texlive/texmf-dist/tex/latex/psnfss/ot1ztmcm.fd
File: ot1ztmcm.fd 2000/01/03 Fontinst v1.801 font definitions for OT1/ztmcm.
)
LaTeX Font Info:    Try loading font information for OML+ztmcm on input line 81
.

(/usr/share/texlive/texmf-dist/tex/latex/psnfss/omlztmcm.fd
File: omlztmcm.fd 2000/01/03 Fontinst v1.801 font definitions for OML/ztmcm.
)
LaTeX Font Info:    Try loading font information for OMS+ztmcm on input line 81
.

(/usr/share/texlive/texmf-dist/tex/latex/psnfss/omsztmcm.fd
File: omsztmcm.fd 2000/01/03 Fontinst v1.801 font definitions for OMS/ztmcm.
)
LaTeX Font Info:    Try loading font information for OMX+ztmcm on input line 81
.

(/usr/share/texlive/texmf-dist/tex/latex/psnfss/omxztmcm.fd
File: omxztmcm.fd 2000/01/03 Fontinst v1.801 font definitions for OMX/ztmcm.
)
LaTeX Font Info:    Font shape `OT1/ptm/bx/n' in size <7.4> not available
(Font)              Font shape `OT1/ptm/b/n' tried instead on input line 81.
LaTeX Font Info:    Font shape `OT1/ptm/bx/n' in size <6> not available
(Font)              Font shape `OT1/ptm/b/n' tried instead on input line 81.
LaTeX Font Info:    Try loading font information for U+rsfs on input line 81.

(/usr/share/texlive/texmf-dist/tex/latex/jknapltx/ursfs.fd
File: ursfs.fd 1998/03/24 rsfs font definition file (jk)
)

Package natbib Warning: Citation `Nemirovski2009' on page 1 undefined on input 
line 84.


LaTeX Warning: Reference `problem' on page 1 undefined on input line 84.


LaTeX Warning: Reference `problem' on page 1 undefined on input line 86.


Package natbib Warning: Citation `Langford2009' on page 1 undefined on input li
ne 96.


Package natbib Warning: Citation `Rakhlin2012' on page 1 undefined on input lin
e 96.


Package natbib Warning: Citation `Xiao2014' on page 1 undefined on input line 9
6.


Package natbib Warning: Citation `Allen-Zhu17' on page 1 undefined on input lin
e 96.


Package natbib Warning: Citation `Agarwal2014' on page 1 undefined on input lin
e 98.


Package natbib Warning: Citation `Recht2011' on page 1 undefined on input line 
98.


Package natbib Warning: Citation `Mania2017' on page 1 undefined on input line 
98.


Package natbib Warning: Citation `LiP2016' on page 1 undefined on input line 98
.


Package natbib Warning: Citation `Meng2017' on page 1 undefined on input line 9
8.


Package natbib Warning: Citation `Johnson12' on page 1 undefined on input line 
103.


Package natbib Warning: Citation `Zhao2015' on page 1 undefined on input line 1
03.


Package natbib Warning: Citation `Johnson12' on page 1 undefined on input line 
104.


Package natbib Warning: Citation `Defazio2014' on page 1 undefined on input lin
e 104.


Package natbib Warning: Citation `Konecny2016' on page 1 undefined on input lin
e 105.


Package natbib Warning: Citation `Li2016' on page 1 undefined on input line 105
.


Package natbib Warning: Citation `Xiao2014' on page 1 undefined on input line 1
05.


Package natbib Warning: Citation `Allen-Zhu2016' on page 1 undefined on input l
ine 105.


Package natbib Warning: Citation `shang2018guaranteed' on page 1 undefined on i
nput line 105.

[1{/var/lib/texmf/fonts/map/pdftex/updmap/pdftex.map}


]

Package natbib Warning: Citation `Hu2009' on page 2 undefined on input line 111
.


Package natbib Warning: Citation `Lin2015' on page 2 undefined on input line 11
1.


Package natbib Warning: Citation `Nitanda2014' on page 2 undefined on input lin
e 111.


Package natbib Warning: Citation `Allen-Zhu17' on page 2 undefined on input lin
e 111.


Package natbib Warning: Citation `Nesterov2004' on page 2 undefined on input li
ne 111.


Package natbib Warning: Citation `Hu2009' on page 2 undefined on input line 119
.


Package natbib Warning: Citation `Shalev-Shwartz2014' on page 2 undefined on in
put line 120.


Package natbib Warning: Citation `Allen-Zhu17' on page 2 undefined on input lin
e 120.


Package natbib Warning: Citation `Fercoq2015' on page 2 undefined on input line
 120.


Package natbib Warning: Citation `Lin2015' on page 2 undefined on input line 12
0.


Package natbib Warning: Citation `Mania2017' on page 2 undefined on input line 
122.


Package natbib Warning: Citation `Reddi2015' on page 2 undefined on input line 
122.


Package natbib Warning: Citation `Meng2016' on page 2 undefined on input line 1
22.


Package natbib Warning: Citation `Allen-Zhu17' on page 2 undefined on input lin
e 135.


Package natbib Warning: Citation `Meng2016' on page 2 undefined on input line 1
35.


Package natbib Warning: Citation `shang2018guaranteed' on page 2 undefined on i
nput line 135.


Package natbib Warning: Citation `Hazan2011' on page 2 undefined on input line 
147.


Underfull \hbox (badness 2343) in paragraph at lines 146--148
\T1/ptm/m/n/10 vari-ance re-duc-tion scheme with mo-men-tum ac-cel-er-a-tion
 []


Package natbib Warning: Citation `Allen-Zhu17' on page 2 undefined on input lin
e 168.


Package natbib Warning: Citation `Hazan2011' on page 2 undefined on input line 
169.


Package natbib Warning: Citation `Allen-Zhu2016I' on page 2 undefined on input 
line 172.


LaTeX Warning: Reference `nabla-update' on page 2 undefined on input line 174.

[2]

LaTeX Warning: Reference `VR-Algo-Single' on page 3 undefined on input line 181
.


Package natbib Warning: Citation `Allen-Zhu17' on page 3 undefined on input lin
e 183.

Package hyperref Info: bookmark level for unknown algorithm defaults to 0 on in
put line 186.

Package natbib Warning: Citation `Li2014' on page 3 undefined on input line 219
.


Package natbib Warning: Citation `Meng2016Spark' on page 3 undefined on input l
ine 219.


LaTeX Warning: Reference `SyncVR-Algo-Single' on page 3 undefined on input line
 225.


Package natbib Warning: Citation `Zhao2014' on page 3 undefined on input line 2
63.


Package natbib Warning: Citation `Konecny2016' on page 3 undefined on input lin
e 263.

[3]

LaTeX Warning: Reference `AsyncVR-Algo' on page 4 undefined on input line 270.


Package natbib Warning: Citation `Reddi2015' on page 4 undefined on input line 
334.


Package natbib Warning: Citation `Meng2016' on page 4 undefined on input line 3
34.


Underfull \hbox (badness 6396) in paragraph at lines 343--345
[][]\T1/ptm/m/it/10 Assumption \T1/ptm/m/n/10 2 (Con-vex-ity)\T1/ptm/m/it/10 . 
[]\T1/ptm/m/n/10 The com-po-nents $\OML/ztmcm/m/it/10 f[]\OT1/ztmcm/m/n/10 (\OM
L/ztmcm/m/it/10 x\OT1/ztmcm/m/n/10 )\OML/ztmcm/m/it/10 ; i \OT1/ztmcm/m/n/10 =
 []


Package natbib Warning: Citation `Johnson12' on page 4 undefined on input line 
361.


Package natbib Warning: Citation `Allen-Zhu17' on page 4 undefined on input lin
e 361.


LaTeX Warning: Reference `Assump1' on page 4 undefined on input line 375.


LaTeX Warning: Reference `Assump3' on page 4 undefined on input line 375.


LaTeX Warning: Reference `problem' on page 4 undefined on input line 375.


LaTeX Warning: Reference `AsyncVR-Algo' on page 4 undefined on input line 375.

[4]

LaTeX Warning: Reference `append' on page 5 undefined on input line 387.


LaTeX Warning: Reference `lemma1' on page 5 undefined on input line 392.


LaTeX Warning: Reference `lemma1' on page 5 undefined on input line 411.


Overfull \hbox (1.62862pt too wide) in paragraph at lines 426--426
[] 
 []


Overfull \hbox (1.05414pt too wide) in paragraph at lines 432--432
[] 
 []


LaTeX Warning: Reference `Convex:Eq1' on page 5 undefined on input line 443.


LaTeX Warning: Reference `Eq1-Theo1' on page 5 undefined on input line 447.


LaTeX Warning: Reference `lemma1' on page 5 undefined on input line 458.


LaTeX Warning: Reference `Eq1-Theo1' on page 5 undefined on input line 458.


LaTeX Warning: Reference `conve-theorem' on page 5 undefined on input line 474.


(./experimentE.tex
Package epstopdf Info: Source file: <Figures/ijcnn_speedup_FSVRG.eps>
(epstopdf)                    date: 2019-03-22 19:54:26
(epstopdf)                    size: 24109 bytes
(epstopdf)             Output file: <Figures/ijcnn_speedup_FSVRG-eps-converted-
to.pdf>
(epstopdf)             Command: <repstopdf --outfile=Figures/ijcnn_speedup_FSVR
G-eps-converted-to.pdf Figures/ijcnn_speedup_FSVRG.eps>
(epstopdf)             \includegraphics on input line 26.
runsystem(repstopdf --outfile=Figures/ijcnn_speedup_FSVRG-eps-converted-to.pdf 
Figures/ijcnn_speedup_FSVRG.eps)...executed safely (allowed).

Package epstopdf Info: Result file: <Figures/ijcnn_speedup_FSVRG-eps-converted-
to.pdf>
(epstopdf)                    date: 2019-04-09 13:29:11
(epstopdf)                    size: 8474 bytes.


pdfTeX warning: pdflatex (file ./Figures/ijcnn_speedup_FSVRG-eps-converted-to.p
df): PDF inclusion: found PDF version <1.7>, but at most version <1.5> allowed

<Figures/ijcnn_speedup_FSVRG-eps-converted-to.pdf, id=121, 404.51125pt x 337.26
pt>
File: Figures/ijcnn_speedup_FSVRG-eps-converted-to.pdf Graphic file (type pdf)
 <use Figures/ijcnn_speedup_FSVRG-eps-converted-to.pdf>
Package pdftex.def Info: Figures/ijcnn_speedup_FSVRG-eps-converted-to.pdf used 
on input line 26.
(pdftex.def)             Requested size: 123.84283pt x 103.25267pt.
Package epstopdf Info: Source file: <Figures/covtype_speedup_FSVRG.eps>
(epstopdf)                    date: 2019-03-22 19:54:26
(epstopdf)                    size: 24329 bytes
(epstopdf)             Output file: <Figures/covtype_speedup_FSVRG-eps-converte
d-to.pdf>
(epstopdf)             Command: <repstopdf --outfile=Figures/covtype_speedup_FS
VRG-eps-converted-to.pdf Figures/covtype_speedup_FSVRG.eps>
(epstopdf)             \includegraphics on input line 29.
runsystem(repstopdf --outfile=Figures/covtype_speedup_FSVRG-eps-converted-to.pd
f Figures/covtype_speedup_FSVRG.eps)...executed safely (allowed).

Package epstopdf Info: Result file: <Figures/covtype_speedup_FSVRG-eps-converte
d-to.pdf>
(epstopdf)                    date: 2019-04-09 13:29:11
(epstopdf)                    size: 8503 bytes.


pdfTeX warning: pdflatex (file ./Figures/covtype_speedup_FSVRG-eps-converted-to
.pdf): PDF inclusion: found PDF version <1.7>, but at most version <1.5> allowe
d

<Figures/covtype_speedup_FSVRG-eps-converted-to.pdf, id=122, 404.51125pt x 337.
26pt>
File: Figures/covtype_speedup_FSVRG-eps-converted-to.pdf Graphic file (type pdf
)
 <use Figures/covtype_speedup_FSVRG-eps-converted-to.pdf>
Package pdftex.def Info: Figures/covtype_speedup_FSVRG-eps-converted-to.pdf use
d on input line 29.
(pdftex.def)             Requested size: 123.84283pt x 103.25267pt.
Package epstopdf Info: Source file: <Figures/real-sim_speedup_FSVRG.eps>
(epstopdf)                    date: 2019-03-22 19:54:26
(epstopdf)                    size: 24325 bytes
(epstopdf)             Output file: <Figures/real-sim_speedup_FSVRG-eps-convert
ed-to.pdf>
(epstopdf)             Command: <repstopdf --outfile=Figures/real-sim_speedup_F
SVRG-eps-converted-to.pdf Figures/real-sim_speedup_FSVRG.eps>
(epstopdf)             \includegraphics on input line 32.
runsystem(repstopdf --outfile=Figures/real-sim_speedup_FSVRG-eps-converted-to.p
df Figures/real-sim_speedup_FSVRG.eps)...executed safely (allowed).

Package epstopdf Info: Result file: <Figures/real-sim_speedup_FSVRG-eps-convert
ed-to.pdf>
(epstopdf)                    date: 2019-04-09 13:29:11
(epstopdf)                    size: 8510 bytes.


pdfTeX warning: pdflatex (file ./Figures/real-sim_speedup_FSVRG-eps-converted-t
o.pdf): PDF inclusion: found PDF version <1.7>, but at most version <1.5> allow
ed

<Figures/real-sim_speedup_FSVRG-eps-converted-to.pdf, id=123, 404.51125pt x 337
.26pt>
File: Figures/real-sim_speedup_FSVRG-eps-converted-to.pdf Graphic file (type pd
f)
 <use Figures/real-sim_speedup_FSVRG-eps-converted-to.pdf>
Package pdftex.def Info: Figures/real-sim_speedup_FSVRG-eps-converted-to.pdf us
ed on input line 32.
(pdftex.def)             Requested size: 123.84283pt x 103.25267pt.
Package epstopdf Info: Source file: <Figures/rcv1_speedup_FSVRG.eps>
(epstopdf)                    date: 2019-03-22 19:54:26
(epstopdf)                    size: 24322 bytes
(epstopdf)             Output file: <Figures/rcv1_speedup_FSVRG-eps-converted-t
o.pdf>
(epstopdf)             Command: <repstopdf --outfile=Figures/rcv1_speedup_FSVRG
-eps-converted-to.pdf Figures/rcv1_speedup_FSVRG.eps>
(epstopdf)             \includegraphics on input line 35.
runsystem(repstopdf --outfile=Figures/rcv1_speedup_FSVRG-eps-converted-to.pdf F
igures/rcv1_speedup_FSVRG.eps)...executed safely (allowed).

Package epstopdf Info: Result file: <Figures/rcv1_speedup_FSVRG-eps-converted-t
o.pdf>
(epstopdf)                    date: 2019-04-09 13:29:11
(epstopdf)                    size: 8504 bytes.


pdfTeX warning: pdflatex (file ./Figures/rcv1_speedup_FSVRG-eps-converted-to.pd
f): PDF inclusion: found PDF version <1.7>, but at most version <1.5> allowed

<Figures/rcv1_speedup_FSVRG-eps-converted-to.pdf, id=124, 404.51125pt x 337.26p
t>
File: Figures/rcv1_speedup_FSVRG-eps-converted-to.pdf Graphic file (type pdf)
 <use Figures/rcv1_speedup_FSVRG-eps-converted-to.pdf>
Package pdftex.def Info: Figures/rcv1_speedup_FSVRG-eps-converted-to.pdf used o
n input line 35.
(pdftex.def)             Requested size: 123.84283pt x 103.25267pt.


LaTeX Warning: Reference `problem' on page 5 undefined on input line 41.


Package natbib Warning: Citation `Johnson12' on page 5 undefined on input line 
41.


Package natbib Warning: Citation `pedregosa2017breaking' on page 5 undefined on
 input line 41.


Package natbib Warning: Citation `Allen-Zhu17' on page 5 undefined on input lin
e 41.

[5]

LaTeX Warning: Reference `metadata' on page 6 undefined on input line 44.


Overfull \hbox (0.84126pt too wide) detected at line 49
[] \OT1/ztmcm/m/n/10 = []
 []


LaTeX Warning: Reference `fig:FSVRG_speedup' on page 6 undefined on input line 
61.


LaTeX Warning: Reference `fig:FSVRG_speedup' on page 6 undefined on input line 
61.


Package natbib Warning: Citation `Reddi2015' on page 6 undefined on input line 
62.


Package natbib Warning: Citation `Meng2016' on page 6 undefined on input line 6
2.

Package epstopdf Info: Source file: <Figures/ijcnn_obj_dev_comparison_1worker.e
ps>
(epstopdf)                    date: 2019-03-22 19:54:26
(epstopdf)                    size: 51018 bytes
(epstopdf)             Output file: <Figures/ijcnn_obj_dev_comparison_1worker-e
ps-converted-to.pdf>
(epstopdf)             Command: <repstopdf --outfile=Figures/ijcnn_obj_dev_comp
arison_1worker-eps-converted-to.pdf Figures/ijcnn_obj_dev_comparison_1worker.ep
s>
(epstopdf)             \includegraphics on input line 68.
runsystem(repstopdf --outfile=Figures/ijcnn_obj_dev_comparison_1worker-eps-conv
erted-to.pdf Figures/ijcnn_obj_dev_comparison_1worker.eps)...executed safely (a
llowed).

Package epstopdf Info: Result file: <Figures/ijcnn_obj_dev_comparison_1worker-e
ps-converted-to.pdf>
(epstopdf)                    date: 2019-04-09 13:29:12
(epstopdf)                    size: 13946 bytes.


pdfTeX warning: pdflatex (file ./Figures/ijcnn_obj_dev_comparison_1worker-eps-c
onverted-to.pdf): PDF inclusion: found PDF version <1.7>, but at most version <
1.5> allowed

<Figures/ijcnn_obj_dev_comparison_1worker-eps-converted-to.pdf, id=140, 411.537
5pt x 323.2075pt>
File: Figures/ijcnn_obj_dev_comparison_1worker-eps-converted-to.pdf Graphic fil
e (type pdf)

<use Figures/ijcnn_obj_dev_comparison_1worker-eps-converted-to.pdf>
Package pdftex.def Info: Figures/ijcnn_obj_dev_comparison_1worker-eps-converted
-to.pdf used on input line 68.
(pdftex.def)             Requested size: 123.84283pt x 97.2589pt.
Package epstopdf Info: Source file: <Figures/covtype_obj_dev_comparison_1worker
.eps>
(epstopdf)                    date: 2019-03-22 19:54:26
(epstopdf)                    size: 56983 bytes
(epstopdf)             Output file: <Figures/covtype_obj_dev_comparison_1worker
-eps-converted-to.pdf>
(epstopdf)             Command: <repstopdf --outfile=Figures/covtype_obj_dev_co
mparison_1worker-eps-converted-to.pdf Figures/covtype_obj_dev_comparison_1worke
r.eps>
(epstopdf)             \includegraphics on input line 71.
runsystem(repstopdf --outfile=Figures/covtype_obj_dev_comparison_1worker-eps-co
nverted-to.pdf Figures/covtype_obj_dev_comparison_1worker.eps)...executed safel
y (allowed).

Package epstopdf Info: Result file: <Figures/covtype_obj_dev_comparison_1worker
-eps-converted-to.pdf>
(epstopdf)                    date: 2019-04-09 13:29:12
(epstopdf)                    size: 15344 bytes.


pdfTeX warning: pdflatex (file ./Figures/covtype_obj_dev_comparison_1worker-eps
-converted-to.pdf): PDF inclusion: found PDF version <1.7>, but at most version
 <1.5> allowed

<Figures/covtype_obj_dev_comparison_1worker-eps-converted-to.pdf, id=141, 411.5
375pt x 323.2075pt>
File: Figures/covtype_obj_dev_comparison_1worker-eps-converted-to.pdf Graphic f
ile (type pdf)

<use Figures/covtype_obj_dev_comparison_1worker-eps-converted-to.pdf>
Package pdftex.def Info: Figures/covtype_obj_dev_comparison_1worker-eps-convert
ed-to.pdf used on input line 71.
(pdftex.def)             Requested size: 123.84283pt x 97.2589pt.
Package epstopdf Info: Source file: <Figures/real-sim_obj_dev_comparison_1worke
r.eps>
(epstopdf)                    date: 2019-03-22 19:54:26
(epstopdf)                    size: 52979 bytes
(epstopdf)             Output file: <Figures/real-sim_obj_dev_comparison_1worke
r-eps-converted-to.pdf>
(epstopdf)             Command: <repstopdf --outfile=Figures/real-sim_obj_dev_c
omparison_1worker-eps-converted-to.pdf Figures/real-sim_obj_dev_comparison_1wor
ker.eps>
(epstopdf)             \includegraphics on input line 74.
runsystem(repstopdf --outfile=Figures/real-sim_obj_dev_comparison_1worker-eps-c
onverted-to.pdf Figures/real-sim_obj_dev_comparison_1worker.eps)...executed saf
ely (allowed).

Package epstopdf Info: Result file: <Figures/real-sim_obj_dev_comparison_1worke
r-eps-converted-to.pdf>
(epstopdf)                    date: 2019-04-09 13:29:12
(epstopdf)                    size: 14534 bytes.


pdfTeX warning: pdflatex (file ./Figures/real-sim_obj_dev_comparison_1worker-ep
s-converted-to.pdf): PDF inclusion: found PDF version <1.7>, but at most versio
n <1.5> allowed

<Figures/real-sim_obj_dev_comparison_1worker-eps-converted-to.pdf, id=142, 411.
5375pt x 323.2075pt>
File: Figures/real-sim_obj_dev_comparison_1worker-eps-converted-to.pdf Graphic 
file (type pdf)

<use Figures/real-sim_obj_dev_comparison_1worker-eps-converted-to.pdf>
Package pdftex.def Info: Figures/real-sim_obj_dev_comparison_1worker-eps-conver
ted-to.pdf used on input line 74.
(pdftex.def)             Requested size: 123.84283pt x 97.2589pt.
Package epstopdf Info: Source file: <Figures/rcv1_obj_dev_comparison_1worker.ep
s>
(epstopdf)                    date: 2019-03-22 19:54:26
(epstopdf)                    size: 56942 bytes
(epstopdf)             Output file: <Figures/rcv1_obj_dev_comparison_1worker-ep
s-converted-to.pdf>
(epstopdf)             Command: <repstopdf --outfile=Figures/rcv1_obj_dev_compa
rison_1worker-eps-converted-to.pdf Figures/rcv1_obj_dev_comparison_1worker.eps>

(epstopdf)             \includegraphics on input line 77.
runsystem(repstopdf --outfile=Figures/rcv1_obj_dev_comparison_1worker-eps-conve
rted-to.pdf Figures/rcv1_obj_dev_comparison_1worker.eps)...executed safely (all
owed).

Package epstopdf Info: Result file: <Figures/rcv1_obj_dev_comparison_1worker-ep
s-converted-to.pdf>
(epstopdf)                    date: 2019-04-09 13:29:12
(epstopdf)                    size: 15414 bytes.


pdfTeX warning: pdflatex (file ./Figures/rcv1_obj_dev_comparison_1worker-eps-co
nverted-to.pdf): PDF inclusion: found PDF version <1.7>, but at most version <1
.5> allowed

<Figures/rcv1_obj_dev_comparison_1worker-eps-converted-to.pdf, id=143, 411.5375
pt x 323.2075pt>
File: Figures/rcv1_obj_dev_comparison_1worker-eps-converted-to.pdf Graphic file
 (type pdf)

<use Figures/rcv1_obj_dev_comparison_1worker-eps-converted-to.pdf>
Package pdftex.def Info: Figures/rcv1_obj_dev_comparison_1worker-eps-converted-
to.pdf used on input line 77.
(pdftex.def)             Requested size: 123.84283pt x 97.2589pt.
Package epstopdf Info: Source file: <Figures/ijcnn_obj_dev_comparison_16workers
.eps>
(epstopdf)                    date: 2019-03-22 19:54:26
(epstopdf)                    size: 56682 bytes
(epstopdf)             Output file: <Figures/ijcnn_obj_dev_comparison_16workers
-eps-converted-to.pdf>
(epstopdf)             Command: <repstopdf --outfile=Figures/ijcnn_obj_dev_comp
arison_16workers-eps-converted-to.pdf Figures/ijcnn_obj_dev_comparison_16worker
s.eps>
(epstopdf)             \includegraphics on input line 87.
runsystem(repstopdf --outfile=Figures/ijcnn_obj_dev_comparison_16workers-eps-co
nverted-to.pdf Figures/ijcnn_obj_dev_comparison_16workers.eps)...executed safel
y (allowed).

Package epstopdf Info: Result file: <Figures/ijcnn_obj_dev_comparison_16workers
-eps-converted-to.pdf>
(epstopdf)                    date: 2019-04-09 13:29:13
(epstopdf)                    size: 14868 bytes.


pdfTeX warning: pdflatex (file ./Figures/ijcnn_obj_dev_comparison_16workers-eps
-converted-to.pdf): PDF inclusion: found PDF version <1.7>, but at most version
 <1.5> allowed

<Figures/ijcnn_obj_dev_comparison_16workers-eps-converted-to.pdf, id=144, 400.4
9625pt x 330.23375pt>
File: Figures/ijcnn_obj_dev_comparison_16workers-eps-converted-to.pdf Graphic f
ile (type pdf)

<use Figures/ijcnn_obj_dev_comparison_16workers-eps-converted-to.pdf>
Package pdftex.def Info: Figures/ijcnn_obj_dev_comparison_16workers-eps-convert
ed-to.pdf used on input line 87.
(pdftex.def)             Requested size: 123.84283pt x 102.11441pt.
Package epstopdf Info: Source file: <Figures/covtype_obj_dev_comparison_16worke
rs.eps>
(epstopdf)                    date: 2019-03-22 19:54:26
(epstopdf)                    size: 66172 bytes
(epstopdf)             Output file: <Figures/covtype_obj_dev_comparison_16worke
rs-eps-converted-to.pdf>
(epstopdf)             Command: <repstopdf --outfile=Figures/covtype_obj_dev_co
mparison_16workers-eps-converted-to.pdf Figures/covtype_obj_dev_comparison_16wo
rkers.eps>
(epstopdf)             \includegraphics on input line 90.
runsystem(repstopdf --outfile=Figures/covtype_obj_dev_comparison_16workers-eps-
converted-to.pdf Figures/covtype_obj_dev_comparison_16workers.eps)...executed s
afely (allowed).

Package epstopdf Info: Result file: <Figures/covtype_obj_dev_comparison_16worke
rs-eps-converted-to.pdf>
(epstopdf)                    date: 2019-04-09 13:29:13
(epstopdf)                    size: 16757 bytes.


pdfTeX warning: pdflatex (file ./Figures/covtype_obj_dev_comparison_16workers-e
ps-converted-to.pdf): PDF inclusion: found PDF version <1.7>, but at most versi
on <1.5> allowed

<Figures/covtype_obj_dev_comparison_16workers-eps-converted-to.pdf, id=145, 400
.49625pt x 330.23375pt>
File: Figures/covtype_obj_dev_comparison_16workers-eps-converted-to.pdf Graphic
 file (type pdf)

<use Figures/covtype_obj_dev_comparison_16workers-eps-converted-to.pdf>
Package pdftex.def Info: Figures/covtype_obj_dev_comparison_16workers-eps-conve
rted-to.pdf used on input line 90.
(pdftex.def)             Requested size: 123.84283pt x 102.11441pt.
Package epstopdf Info: Source file: <Figures/real-sim_obj_dev_comparison_16work
ers.eps>
(epstopdf)                    date: 2019-03-22 19:54:26
(epstopdf)                    size: 61661 bytes
(epstopdf)             Output file: <Figures/real-sim_obj_dev_comparison_16work
ers-eps-converted-to.pdf>
(epstopdf)             Command: <repstopdf --outfile=Figures/real-sim_obj_dev_c
omparison_16workers-eps-converted-to.pdf Figures/real-sim_obj_dev_comparison_16
workers.eps>
(epstopdf)             \includegraphics on input line 93.
runsystem(repstopdf --outfile=Figures/real-sim_obj_dev_comparison_16workers-eps
-converted-to.pdf Figures/real-sim_obj_dev_comparison_16workers.eps)...executed
 safely (allowed).

Package epstopdf Info: Result file: <Figures/real-sim_obj_dev_comparison_16work
ers-eps-converted-to.pdf>
(epstopdf)                    date: 2019-04-09 13:29:13
(epstopdf)                    size: 16284 bytes.


pdfTeX warning: pdflatex (file ./Figures/real-sim_obj_dev_comparison_16workers-
eps-converted-to.pdf): PDF inclusion: found PDF version <1.7>, but at most vers
ion <1.5> allowed

<Figures/real-sim_obj_dev_comparison_16workers-eps-converted-to.pdf, id=146, 40
0.49625pt x 330.23375pt>
File: Figures/real-sim_obj_dev_comparison_16workers-eps-converted-to.pdf Graphi
c file (type pdf)

<use Figures/real-sim_obj_dev_comparison_16workers-eps-converted-to.pdf>
Package pdftex.def Info: Figures/real-sim_obj_dev_comparison_16workers-eps-conv
erted-to.pdf used on input line 93.
(pdftex.def)             Requested size: 123.84283pt x 102.11441pt.
Package epstopdf Info: Source file: <Figures/rcv1_obj_dev_comparison_16workers.
eps>
(epstopdf)                    date: 2019-03-22 19:54:26
(epstopdf)                    size: 70899 bytes
(epstopdf)             Output file: <Figures/rcv1_obj_dev_comparison_16workers-
eps-converted-to.pdf>
(epstopdf)             Command: <repstopdf --outfile=Figures/rcv1_obj_dev_compa
rison_16workers-eps-converted-to.pdf Figures/rcv1_obj_dev_comparison_16workers.
eps>
(epstopdf)             \includegraphics on input line 96.
runsystem(repstopdf --outfile=Figures/rcv1_obj_dev_comparison_16workers-eps-con
verted-to.pdf Figures/rcv1_obj_dev_comparison_16workers.eps)...executed safely 
(allowed).

Package epstopdf Info: Result file: <Figures/rcv1_obj_dev_comparison_16workers-
eps-converted-to.pdf>
(epstopdf)                    date: 2019-04-09 13:29:13
(epstopdf)                    size: 18209 bytes.


pdfTeX warning: pdflatex (file ./Figures/rcv1_obj_dev_comparison_16workers-eps-
converted-to.pdf): PDF inclusion: found PDF version <1.7>, but at most version 
<1.5> allowed

<Figures/rcv1_obj_dev_comparison_16workers-eps-converted-to.pdf, id=147, 400.49
625pt x 330.23375pt>
File: Figures/rcv1_obj_dev_comparison_16workers-eps-converted-to.pdf Graphic fi
le (type pdf)

<use Figures/rcv1_obj_dev_comparison_16workers-eps-converted-to.pdf>
Package pdftex.def Info: Figures/rcv1_obj_dev_comparison_16workers-eps-converte
d-to.pdf used on input line 96.
(pdftex.def)             Requested size: 123.84283pt x 102.11441pt.
Package epstopdf Info: Source file: <Figures/ijcnn_obj_dev_comparison_time.eps>

(epstopdf)                    date: 2019-03-22 19:54:26
(epstopdf)                    size: 197926 bytes
(epstopdf)             Output file: <Figures/ijcnn_obj_dev_comparison_time-eps-
converted-to.pdf>
(epstopdf)             Command: <repstopdf --outfile=Figures/ijcnn_obj_dev_comp
arison_time-eps-converted-to.pdf Figures/ijcnn_obj_dev_comparison_time.eps>
(epstopdf)             \includegraphics on input line 100.
runsystem(repstopdf --outfile=Figures/ijcnn_obj_dev_comparison_time-eps-convert
ed-to.pdf Figures/ijcnn_obj_dev_comparison_time.eps)...executed safely (allowed
).

Package epstopdf Info: Result file: <Figures/ijcnn_obj_dev_comparison_time-eps-
converted-to.pdf>
(epstopdf)                    date: 2019-04-09 13:29:14
(epstopdf)                    size: 47575 bytes.


pdfTeX warning: pdflatex (file ./Figures/ijcnn_obj_dev_comparison_time-eps-conv
erted-to.pdf): PDF inclusion: found PDF version <1.7>, but at most version <1.5
> allowed

<Figures/ijcnn_obj_dev_comparison_time-eps-converted-to.pdf, id=148, 406.51875p
t x 334.24875pt>
File: Figures/ijcnn_obj_dev_comparison_time-eps-converted-to.pdf Graphic file (
type pdf)

<use Figures/ijcnn_obj_dev_comparison_time-eps-converted-to.pdf>
Package pdftex.def Info: Figures/ijcnn_obj_dev_comparison_time-eps-converted-to
.pdf used on input line 100.
(pdftex.def)             Requested size: 123.84283pt x 101.82585pt.
Package epstopdf Info: Source file: <Figures/covtype_obj_dev_comparison_time.ep
s>
(epstopdf)                    date: 2019-03-22 19:54:26
(epstopdf)                    size: 153735 bytes
(epstopdf)             Output file: <Figures/covtype_obj_dev_comparison_time-ep
s-converted-to.pdf>
(epstopdf)             Command: <repstopdf --outfile=Figures/covtype_obj_dev_co
mparison_time-eps-converted-to.pdf Figures/covtype_obj_dev_comparison_time.eps>

(epstopdf)             \includegraphics on input line 103.
runsystem(repstopdf --outfile=Figures/covtype_obj_dev_comparison_time-eps-conve
rted-to.pdf Figures/covtype_obj_dev_comparison_time.eps)...executed safely (all
owed).

Package epstopdf Info: Result file: <Figures/covtype_obj_dev_comparison_time-ep
s-converted-to.pdf>
(epstopdf)                    date: 2019-04-09 13:29:14
(epstopdf)                    size: 36992 bytes.


pdfTeX warning: pdflatex (file ./Figures/covtype_obj_dev_comparison_time-eps-co
nverted-to.pdf): PDF inclusion: found PDF version <1.7>, but at most version <1
.5> allowed

<Figures/covtype_obj_dev_comparison_time-eps-converted-to.pdf, id=149, 406.5187
5pt x 334.24875pt>
File: Figures/covtype_obj_dev_comparison_time-eps-converted-to.pdf Graphic file
 (type pdf)

<use Figures/covtype_obj_dev_comparison_time-eps-converted-to.pdf>
Package pdftex.def Info: Figures/covtype_obj_dev_comparison_time-eps-converted-
to.pdf used on input line 103.
(pdftex.def)             Requested size: 123.84283pt x 101.82585pt.
Package epstopdf Info: Source file: <Figures/real-sim_obj_dev_comparison_time.e
ps>
(epstopdf)                    date: 2019-03-22 19:54:26
(epstopdf)                    size: 95655 bytes
(epstopdf)             Output file: <Figures/real-sim_obj_dev_comparison_time-e
ps-converted-to.pdf>
(epstopdf)             Command: <repstopdf --outfile=Figures/real-sim_obj_dev_c
omparison_time-eps-converted-to.pdf Figures/real-sim_obj_dev_comparison_time.ep
s>
(epstopdf)             \includegraphics on input line 106.
runsystem(repstopdf --outfile=Figures/real-sim_obj_dev_comparison_time-eps-conv
erted-to.pdf Figures/real-sim_obj_dev_comparison_time.eps)...executed safely (a
llowed).

Package epstopdf Info: Result file: <Figures/real-sim_obj_dev_comparison_time-e
ps-converted-to.pdf>
(epstopdf)                    date: 2019-04-09 13:29:14
(epstopdf)                    size: 24655 bytes.


pdfTeX warning: pdflatex (file ./Figures/real-sim_obj_dev_comparison_time-eps-c
onverted-to.pdf): PDF inclusion: found PDF version <1.7>, but at most version <
1.5> allowed

<Figures/real-sim_obj_dev_comparison_time-eps-converted-to.pdf, id=150, 409.53p
t x 334.24875pt>
File: Figures/real-sim_obj_dev_comparison_time-eps-converted-to.pdf Graphic fil
e (type pdf)

<use Figures/real-sim_obj_dev_comparison_time-eps-converted-to.pdf>
Package pdftex.def Info: Figures/real-sim_obj_dev_comparison_time-eps-converted
-to.pdf used on input line 106.
(pdftex.def)             Requested size: 123.84283pt x 101.07613pt.
Package epstopdf Info: Source file: <Figures/rcv1_obj_dev_comparison_time.eps>
(epstopdf)                    date: 2019-03-22 19:54:26
(epstopdf)                    size: 105641 bytes
(epstopdf)             Output file: <Figures/rcv1_obj_dev_comparison_time-eps-c
onverted-to.pdf>
(epstopdf)             Command: <repstopdf --outfile=Figures/rcv1_obj_dev_compa
rison_time-eps-converted-to.pdf Figures/rcv1_obj_dev_comparison_time.eps>
(epstopdf)             \includegraphics on input line 109.
runsystem(repstopdf --outfile=Figures/rcv1_obj_dev_comparison_time-eps-converte
d-to.pdf Figures/rcv1_obj_dev_comparison_time.eps)...executed safely (allowed).

Package epstopdf Info: Result file: <Figures/rcv1_obj_dev_comparison_time-eps-c
onverted-to.pdf>
(epstopdf)                    date: 2019-04-09 13:29:14
(epstopdf)                    size: 25746 bytes.


pdfTeX warning: pdflatex (file ./Figures/rcv1_obj_dev_comparison_time-eps-conve
rted-to.pdf): PDF inclusion: found PDF version <1.7>, but at most version <1.5>
 allowed

<Figures/rcv1_obj_dev_comparison_time-eps-converted-to.pdf, id=151, 408.52625pt
 x 333.245pt>
File: Figures/rcv1_obj_dev_comparison_time-eps-converted-to.pdf Graphic file (t
ype pdf)
 <use Figures/rcv1_obj_dev_comparison_time-eps-converted-to.pdf>
Package pdftex.def Info: Figures/rcv1_obj_dev_comparison_time-eps-converted-to.
pdf used on input line 109.
(pdftex.def)             Requested size: 123.84283pt x 101.02174pt.


LaTeX Warning: Reference `fig:AcPSVRG_seq' on page 6 undefined on input line 11
6.


LaTeX Warning: Reference `fig:algo_comp' on page 6 undefined on input line 116.



LaTeX Warning: Reference `fig:AcPSVRG_seq' on page 6 undefined on input line 11
7.


LaTeX Warning: Reference `fig:algo_comp' on page 6 undefined on input line 118.



Underfull \vbox (badness 1910) has occurred while \output is active []

 [6 <./Figures/ijcnn_speedup_FSVRG-eps-converted-to.pdf> <./Figures/covtype_spe
edup_FSVRG-eps-converted-to.pdf> <./Figures/real-sim_speedup_FSVRG-eps-converte
d-to.pdf> <./Figures/rcv1_speedup_FSVRG-eps-converted-to.pdf>])
No file conference_041818V1.bbl.

LaTeX Warning: Reference `lemma1' on page 7 undefined on input line 496.


Underfull \vbox (badness 10000) has occurred while \output is active []

 [7 <./Figures/ijcnn_obj_dev_comparison_1worker-eps-converted-to.pdf> <./Figure
s/covtype_obj_dev_comparison_1worker-eps-converted-to.pdf> <./Figures/real-sim_
obj_dev_comparison_1worker-eps-converted-to.pdf> <./Figures/rcv1_obj_dev_compar
ison_1worker-eps-converted-to.pdf> <./Figures/ijcnn_obj_dev_comparison_16worker
s-eps-converted-to.pdf> <./Figures/covtype_obj_dev_comparison_16workers-eps-con
verted-to.pdf> <./Figures/real-sim_obj_dev_comparison_16workers-eps-converted-t
o.pdf> <./Figures/rcv1_obj_dev_comparison_16workers-eps-converted-to.pdf> <./Fi
gures/ijcnn_obj_dev_comparison_time-eps-converted-to.pdf> <./Figures/covtype_ob
j_dev_comparison_time-eps-converted-to.pdf> <./Figures/real-sim_obj_dev_compari
son_time-eps-converted-to.pdf> <./Figures/rcv1_obj_dev_comparison_time-eps-conv
erted-to.pdf>]

LaTeX Warning: Reference `Eq1-Lemma1' on page 8 undefined on input line 519.


LaTeX Warning: Reference `lemma0' on page 8 undefined on input line 528.


LaTeX Warning: Reference `Eq2-Lemma3' on page 8 undefined on input line 530.


LaTeX Warning: Reference `Eq2-Lemma1' on page 8 undefined on input line 530.


LaTeX Warning: Reference `Eq1-Lemma1' on page 8 undefined on input line 530.


LaTeX Warning: Reference `threepoint-convex' on page 8 undefined on input line 
544.


LaTeX Warning: Reference `Eq3-Lemma1-1' on page 8 undefined on input line 552.


LaTeX Warning: Reference `Eq3-Lemma1I' on page 8 undefined on input line 573.


Underfull \vbox (badness 1845) has occurred while \output is active []

 [8]

LaTeX Warning: Reference `AsyncVR-Algo' on page 9 undefined on input line 601.


LaTeX Warning: Reference `prox' on page 9 undefined on input line 623.


LaTeX Warning: Reference `Eq5p-Lemma1' on page 9 undefined on input line 633.


LaTeX Warning: Reference `Eq4-Lemma1' on page 9 undefined on input line 633.


LaTeX Warning: Reference `Eq5-Lemma1' on page 9 undefined on input line 633.


LaTeX Warning: Reference `Eq3-Lemma1' on page 9 undefined on input line 633.


LaTeX Warning: Reference `main-ine-Lemma1' on page 9 undefined on input line 67
9.


Underfull \vbox (badness 1221) has occurred while \output is active []

 [9]

LaTeX Warning: Reference `Eq6-Lemma1' on page 10 undefined on input line 690.


Package natbib Warning: Citation `Johnson12' on page 10 undefined on input line
 693.


Package natbib Warning: Citation `Reddi2015' on page 10 undefined on input line
 693.


LaTeX Warning: Reference `lemma-finaleq1-1' on page 10 undefined on input line 
697.


LaTeX Warning: Reference `lemma-finaleq1' on page 10 undefined on input line 71
1.


** Conference Paper **
Before submitting the final camera ready copy, remember to:

 1. Manually equalize the lengths of two columns on the last page
 of your paper;

 2. Ensure that any PostScript and/or PDF output post-processing
 uses only Type 1 fonts and that every step in the generation
 process uses the appropriate paper size.


Package natbib Warning: There were undefined citations.

Package atveryend Info: Empty hook `BeforeClearDocument' on input line 727.
[10

]
Package atveryend Info: Empty hook `AfterLastShipout' on input line 727.
 (./conference_041818V1.aux)
Package atveryend Info: Executing hook `AtVeryEndDocument' on input line 727.
Package atveryend Info: Executing hook `AtEndAfterFileList' on input line 727.


Package rerunfilecheck Warning: File `conference_041818V1.out' has changed.
(rerunfilecheck)                Rerun to get outlines right
(rerunfilecheck)                or use package `bookmark'.

Package rerunfilecheck Info: Checksums for `conference_041818V1.out':
(rerunfilecheck)             Before: <no file>
(rerunfilecheck)             After:  66C0988F76300E046660652F51B8EC2A;781.

LaTeX Warning: There were undefined references.


LaTeX Warning: Label(s) may have changed. Rerun to get cross-references right.

Package atveryend Info: Empty hook `AtVeryVeryEnd' on input line 727.
 ) 
Here is how much of TeX's memory you used:
 11972 strings out of 494953
 181674 string characters out of 6180976
 292821 words of memory out of 5000000
 14847 multiletter control sequences out of 15000+600000
 135746 words of font info for 179 fonts, out of 8000000 for 9000
 14 hyphenation exceptions out of 8191
 53i,18n,92p,1541b,788s stack positions out of 5000i,500n,10000p,200000b,80000s
{/usr/share/texlive/texmf-dist/fonts/enc/dvips/base/8r.enc}</usr/share/texliv
e/texmf-dist/fonts/type1/public/amsfonts/cm/cmex10.pfb></usr/share/texlive/texm
f-dist/fonts/type1/public/amsfonts/cm/cmmi10.pfb></usr/share/texlive/texmf-dist
/fonts/type1/public/amsfonts/cm/cmr10.pfb></usr/share/texlive/texmf-dist/fonts/
type1/public/amsfonts/cm/cmsy10.pfb></usr/share/texlive/texmf-dist/fonts/type1/
public/amsfonts/symbols/msbm10.pfb></usr/share/texlive/texmf-dist/fonts/type1/u
rw/symbol/usyr.pfb></usr/share/texlive/texmf-dist/fonts/type1/urw/symbol/usyr.p
fb></usr/share/texlive/texmf-dist/fonts/type1/urw/times/utmb8a.pfb></usr/share/
texlive/texmf-dist/fonts/type1/urw/times/utmbi8a.pfb></usr/share/texlive/texmf-
dist/fonts/type1/urw/times/utmr8a.pfb></usr/share/texlive/texmf-dist/fonts/type
1/urw/times/utmri8a.pfb>
Output written on conference_041818V1.pdf (10 pages, 404915 bytes).
PDF statistics:
 371 PDF objects out of 1000 (max. 8388607)
 312 compressed objects within 4 object streams
 154 named destinations out of 1000 (max. 500000)
 81 words of extra memory for PDF output out of 10000 (max. 10000000)

