\BOOKMARK [1][-]{section.1}{Introduction}{}% 1
\BOOKMARK [2][-]{subsection.1.1}{what we want to do}{section.1}% 2
\BOOKMARK [2][-]{subsection.1.2}{Background in research}{section.1}% 3
\BOOKMARK [2][-]{subsection.1.3}{Reason to use zeroth\205order techniques}{section.1}% 4
\BOOKMARK [2][-]{subsection.1.4}{Problem with existing methods}{section.1}% 5
\BOOKMARK [2][-]{subsection.1.5}{Compare with other methods}{section.1}% 6
\BOOKMARK [1][-]{section.2}{Main Challenge}{}% 7
\BOOKMARK [1][-]{section.3}{Main contributions}{}% 8
\BOOKMARK [1][-]{section.4}{Related Works}{}% 9
\BOOKMARK [1][-]{section.5}{Preliminary}{}% 10
\BOOKMARK [2][-]{subsection.5.1}{Gradient Mapping}{section.5}% 11
\BOOKMARK [1][-]{section.6}{ZO Proximal Stochastic Method \(ZO-PSVRG+\)}{}% 12
\BOOKMARK [1][-]{section.7}{Convergence Analysis}{}% 13
\BOOKMARK [2][-]{subsection.7.1}{Analysis for ZO-PSVRG+}{section.7}% 14
\BOOKMARK [2][-]{subsection.7.2}{Analysis for ZO-PSVRG+ \(RandSGE\)}{section.7}% 15
\BOOKMARK [1][-]{section.8}{Convergence Under PL Condition}{}% 16
\BOOKMARK [2][-]{subsection.8.1}{ZO-PSVRG+ Under PL Condition}{section.8}% 17
\BOOKMARK [2][-]{subsection.8.2}{ZO-PSVRG+ \(RandSGE\) Under PL Condition}{section.8}% 18
\BOOKMARK [1][-]{section.9}{Experimental Results}{}% 19
\BOOKMARK [2][-]{subsection.9.1}{Black-Box Binary Classification}{section.9}% 20
\BOOKMARK [2][-]{subsection.9.2}{Adversarial Attacks on Black-Box DNNs}{section.9}% 21
\BOOKMARK [1][-]{section.10}{Appendix}{}% 22
